## Footprint report - date 4/13/2020 8:30:27 PM
## Created by Pcbnew version kicad (5.1.4)-1
## Unit = mm, Angle = deg.

$BeginDESCRIPTION

$BOARD
upper_left_corner 76.839857 44.302638
lower_right_corner 174.366144 131.448501
$EndBOARD

$MODULE "J8"
reference "J8"
value "SIM8060-6-0-14-00-A"
footprint "Libraries:GCT_SIM8060-6-0-14-00-A"
attribut smd
position 137.007600 58.724800  orientation 180.00
layer front
$PAD "S3"
Shape Rect Layer front
position  6.150000  6.100000  size  1.300000  1.800000  orientation 0.00
drill  0.000000
shape_offset  0.000000  0.000000
$EndPAD
$PAD "S2"
Shape Rect Layer front
position  6.150000 -2.700000  size  1.300000  1.800000  orientation 0.00
drill  0.000000
shape_offset  0.000000  0.000000
$EndPAD
$PAD "S4"
Shape Rect Layer front
position -6.150000  6.100000  size  1.300000  1.800000  orientation 0.00
drill  0.000000
shape_offset  0.000000  0.000000
$EndPAD
$PAD "S1"
Shape Rect Layer front
position -6.150000 -2.700000  size  1.300000  1.800000  orientation 0.00
drill  0.000000
shape_offset  0.000000  0.000000
$EndPAD
$PAD "C7"
Shape Rect Layer front
position  3.175000 -6.800000  size  0.900000  1.200000  orientation 0.00
drill  0.000000
shape_offset  0.000000  0.000000
$EndPAD
$PAD "C6"
Shape Rect Layer front
position  0.635000 -6.800000  size  0.900000  1.200000  orientation 0.00
drill  0.000000
shape_offset  0.000000  0.000000
$EndPAD
$PAD "C5"
Shape Rect Layer front
position -1.905000 -6.800000  size  0.900000  1.200000  orientation 0.00
drill  0.000000
shape_offset  0.000000  0.000000
$EndPAD
$PAD "C3"
Shape Rect Layer front
position  1.905000 -6.800000  size  0.900000  1.200000  orientation 0.00
drill  0.000000
shape_offset  0.000000  0.000000
$EndPAD
$PAD "C2"
Shape Rect Layer front
position -0.635000 -6.800000  size  0.900000  1.200000  orientation 0.00
drill  0.000000
shape_offset  0.000000  0.000000
$EndPAD
$PAD "C1"
Shape Rect Layer front
position -3.175000 -6.800000  size  0.900000  1.200000  orientation 0.00
drill  0.000000
shape_offset  0.000000  0.000000
$EndPAD
$EndMODULE  J8

$MODULE "C23"
reference "C23"
value "0.1uF"
footprint "Capacitor_SMD:C_0603_1608Metric"
attribut smd
position 127.254000 122.224800  orientation 0.00
layer front
$PAD "2"
Shape Roundrect Layer front
position  0.787500  0.000000  size  0.875000  0.950000  orientation 0.00
drill  0.000000
shape_offset  0.000000  0.000000
$EndPAD
$PAD "1"
Shape Roundrect Layer front
position -0.787500  0.000000  size  0.875000  0.950000  orientation 0.00
drill  0.000000
shape_offset  0.000000  0.000000
$EndPAD
$EndMODULE  C23

$MODULE "C21"
reference "C21"
value "220pF"
footprint "Capacitor_SMD:C_0603_1608Metric"
attribut smd
position 115.620800 95.046800  orientation 180.00
layer front
$PAD "2"
Shape Roundrect Layer front
position  0.787500  0.000000  size  0.875000  0.950000  orientation 0.00
drill  0.000000
shape_offset  0.000000  0.000000
$EndPAD
$PAD "1"
Shape Roundrect Layer front
position -0.787500  0.000000  size  0.875000  0.950000  orientation 0.00
drill  0.000000
shape_offset  0.000000  0.000000
$EndPAD
$EndMODULE  C21

$MODULE "CN1"
reference "CN1"
value "JST_2PIN"
footprint "Connector_JST:JST_PH_S2B-PH-SM4-TB_1x02-1MP_P2.00mm_Horizontal"
attribut smd
position 93.167200 89.966800  orientation 270.00
layer front
$PAD "MP"
Shape Roundrect Layer front
position  3.350000  2.900000  size  1.500000  3.400000  orientation 0.00
drill  0.000000
shape_offset  0.000000  0.000000
$EndPAD
$PAD "MP"
Shape Roundrect Layer front
position -3.350000  2.900000  size  1.500000  3.400000  orientation 0.00
drill  0.000000
shape_offset  0.000000  0.000000
$EndPAD
$PAD "2"
Shape Roundrect Layer front
position  1.000000 -2.850000  size  1.000000  3.500000  orientation 0.00
drill  0.000000
shape_offset  0.000000  0.000000
$EndPAD
$PAD "1"
Shape Roundrect Layer front
position -1.000000 -2.850000  size  1.000000  3.500000  orientation 0.00
drill  0.000000
shape_offset  0.000000  0.000000
$EndPAD
$EndMODULE  CN1

$MODULE "D9"
reference "D9"
value "SMF05CT1G"
footprint "Package_TO_SOT_SMD:SOT-363_SC-70-6"
attribut smd
position 134.772400 68.783200  orientation 90.00
layer front
$PAD "6"
Shape Rect Layer front
position  0.950000 -0.650000  size  0.650000  0.400000  orientation 0.00
drill  0.000000
shape_offset  0.000000  0.000000
$EndPAD
$PAD "4"
Shape Rect Layer front
position  0.950000  0.650000  size  0.650000  0.400000  orientation 0.00
drill  0.000000
shape_offset  0.000000  0.000000
$EndPAD
$PAD "2"
Shape Rect Layer front
position -0.950000  0.000000  size  0.650000  0.400000  orientation 0.00
drill  0.000000
shape_offset  0.000000  0.000000
$EndPAD
$PAD "5"
Shape Rect Layer front
position  0.950000  0.000000  size  0.650000  0.400000  orientation 0.00
drill  0.000000
shape_offset  0.000000  0.000000
$EndPAD
$PAD "3"
Shape Rect Layer front
position -0.950000  0.650000  size  0.650000  0.400000  orientation 0.00
drill  0.000000
shape_offset  0.000000  0.000000
$EndPAD
$PAD "1"
Shape Rect Layer front
position -0.950000 -0.650000  size  0.650000  0.400000  orientation 0.00
drill  0.000000
shape_offset  0.000000  0.000000
$EndPAD
$EndMODULE  D9

$MODULE "R13"
reference "R13"
value "12K"
footprint "Resistor_SMD:R_0805_2012Metric"
attribut smd
position 139.750800 120.497600  orientation 270.00
layer front
$PAD "2"
Shape Roundrect Layer front
position  0.937500  0.000000  size  0.975000  1.400000  orientation 0.00
drill  0.000000
shape_offset  0.000000  0.000000
$EndPAD
$PAD "1"
Shape Roundrect Layer front
position -0.937500  0.000000  size  0.975000  1.400000  orientation 0.00
drill  0.000000
shape_offset  0.000000  0.000000
$EndPAD
$EndMODULE  R13

$MODULE "D2"
reference "D2"
value "PESD1CAN"
footprint "TO_SOT_Packages_SMD:SOT-23"
attribut smd
position 93.014800 100.330000  orientation 90.00
layer front
$PAD "1"
Shape Rect Layer front
position -1.000000 -0.950000  size  0.900000  0.800000  orientation 0.00
drill  0.000000
shape_offset  0.000000  0.000000
$EndPAD
$PAD "2"
Shape Rect Layer front
position -1.000000  0.950000  size  0.900000  0.800000  orientation 0.00
drill  0.000000
shape_offset  0.000000  0.000000
$EndPAD
$PAD "3"
Shape Rect Layer front
position  1.000000  0.000000  size  0.900000  0.800000  orientation 0.00
drill  0.000000
shape_offset  0.000000  0.000000
$EndPAD
$EndMODULE  D2

$MODULE "X1"
reference "X1"
value "16MHz"
footprint "Crystal:Crystal_SMD_Abracon_ABM3B-4Pin_5.0x3.2mm"
attribut smd
position 105.460800 105.816400  orientation 270.00
layer front
$PAD "4"
Shape Rect Layer front
position -2.000000 -1.200000  size  1.800000  1.200000  orientation 0.00
drill  0.000000
shape_offset  0.000000  0.000000
$EndPAD
$PAD "3"
Shape Rect Layer front
position  2.000000 -1.200000  size  1.800000  1.200000  orientation 0.00
drill  0.000000
shape_offset  0.000000  0.000000
$EndPAD
$PAD "2"
Shape Rect Layer front
position  2.000000  1.200000  size  1.800000  1.200000  orientation 0.00
drill  0.000000
shape_offset  0.000000  0.000000
$EndPAD
$PAD "1"
Shape Rect Layer front
position -2.000000  1.200000  size  1.800000  1.200000  orientation 0.00
drill  0.000000
shape_offset  0.000000  0.000000
$EndPAD
$EndMODULE  X1

$MODULE "U3"
reference "U3"
value "MCP2551"
footprint "Package_SO:SOIC-8_3.9x4.9mm_P1.27mm"
attribut smd
position 103.632000 99.212400  orientation 180.00
layer front
$PAD "8"
Shape Roundrect Layer front
position  2.475000 -1.905000  size  1.950000  0.600000  orientation 0.00
drill  0.000000
shape_offset  0.000000  0.000000
$EndPAD
$PAD "7"
Shape Roundrect Layer front
position  2.475000 -0.635000  size  1.950000  0.600000  orientation 0.00
drill  0.000000
shape_offset  0.000000  0.000000
$EndPAD
$PAD "6"
Shape Roundrect Layer front
position  2.475000  0.635000  size  1.950000  0.600000  orientation 0.00
drill  0.000000
shape_offset  0.000000  0.000000
$EndPAD
$PAD "5"
Shape Roundrect Layer front
position  2.475000  1.905000  size  1.950000  0.600000  orientation 0.00
drill  0.000000
shape_offset  0.000000  0.000000
$EndPAD
$PAD "4"
Shape Roundrect Layer front
position -2.475000  1.905000  size  1.950000  0.600000  orientation 0.00
drill  0.000000
shape_offset  0.000000  0.000000
$EndPAD
$PAD "3"
Shape Roundrect Layer front
position -2.475000  0.635000  size  1.950000  0.600000  orientation 0.00
drill  0.000000
shape_offset  0.000000  0.000000
$EndPAD
$PAD "2"
Shape Roundrect Layer front
position -2.475000 -0.635000  size  1.950000  0.600000  orientation 0.00
drill  0.000000
shape_offset  0.000000  0.000000
$EndPAD
$PAD "1"
Shape Roundrect Layer front
position -2.475000 -1.905000  size  1.950000  0.600000  orientation 0.00
drill  0.000000
shape_offset  0.000000  0.000000
$EndPAD
$EndMODULE  U3

$MODULE "R25"
reference "R25"
value "12K"
footprint "Resistor_SMD:R_0805_2012Metric"
attribut smd
position 101.955600 111.404400  orientation 180.00
layer front
$PAD "2"
Shape Roundrect Layer front
position  0.937500  0.000000  size  0.975000  1.400000  orientation 0.00
drill  0.000000
shape_offset  0.000000  0.000000
$EndPAD
$PAD "1"
Shape Roundrect Layer front
position -0.937500  0.000000  size  0.975000  1.400000  orientation 0.00
drill  0.000000
shape_offset  0.000000  0.000000
$EndPAD
$EndMODULE  R25

$MODULE "R24"
reference "R24"
value "12K"
footprint "Resistor_SMD:R_0805_2012Metric"
attribut smd
position 135.940800 120.751600  orientation 270.00
layer front
$PAD "2"
Shape Roundrect Layer front
position  0.937500  0.000000  size  0.975000  1.400000  orientation 0.00
drill  0.000000
shape_offset  0.000000  0.000000
$EndPAD
$PAD "1"
Shape Roundrect Layer front
position -0.937500  0.000000  size  0.975000  1.400000  orientation 0.00
drill  0.000000
shape_offset  0.000000  0.000000
$EndPAD
$EndMODULE  R24

$MODULE "R23"
reference "R23"
value "12K"
footprint "Resistor_SMD:R_0805_2012Metric"
attribut smd
position 104.952800 114.249200  orientation 90.00
layer front
$PAD "2"
Shape Roundrect Layer front
position  0.937500  0.000000  size  0.975000  1.400000  orientation 0.00
drill  0.000000
shape_offset  0.000000  0.000000
$EndPAD
$PAD "1"
Shape Roundrect Layer front
position -0.937500  0.000000  size  0.975000  1.400000  orientation 0.00
drill  0.000000
shape_offset  0.000000  0.000000
$EndPAD
$EndMODULE  R23

$MODULE "R22"
reference "R22"
value "12K"
footprint "Resistor_SMD:R_0805_2012Metric"
attribut smd
position 135.940800 124.460000  orientation 270.00
layer front
$PAD "2"
Shape Roundrect Layer front
position  0.937500  0.000000  size  0.975000  1.400000  orientation 0.00
drill  0.000000
shape_offset  0.000000  0.000000
$EndPAD
$PAD "1"
Shape Roundrect Layer front
position -0.937500  0.000000  size  0.975000  1.400000  orientation 0.00
drill  0.000000
shape_offset  0.000000  0.000000
$EndPAD
$EndMODULE  R22

$MODULE "R14"
reference "R14"
value "12K"
footprint "Resistor_SMD:R_0805_2012Metric"
attribut smd
position 97.688400 114.249200  orientation 0.00
layer front
$PAD "2"
Shape Roundrect Layer front
position  0.937500  0.000000  size  0.975000  1.400000  orientation 0.00
drill  0.000000
shape_offset  0.000000  0.000000
$EndPAD
$PAD "1"
Shape Roundrect Layer front
position -0.937500  0.000000  size  0.975000  1.400000  orientation 0.00
drill  0.000000
shape_offset  0.000000  0.000000
$EndPAD
$EndMODULE  R14

$MODULE "Q5"
reference "Q5"
value "BSS138"
footprint "Package_TO_SOT_SMD:SOT-23"
attribut smd
position 101.955600 114.249200  orientation 180.00
layer front
$PAD "3"
Shape Rect Layer front
position  1.000000  0.000000  size  0.900000  0.800000  orientation 0.00
drill  0.000000
shape_offset  0.000000  0.000000
$EndPAD
$PAD "2"
Shape Rect Layer front
position -1.000000  0.950000  size  0.900000  0.800000  orientation 0.00
drill  0.000000
shape_offset  0.000000  0.000000
$EndPAD
$PAD "1"
Shape Rect Layer front
position -1.000000 -0.950000  size  0.900000  0.800000  orientation 0.00
drill  0.000000
shape_offset  0.000000  0.000000
$EndPAD
$EndMODULE  Q5

$MODULE "Q4"
reference "Q4"
value "BSS138"
footprint "Package_TO_SOT_SMD:SOT-23"
attribut smd
position 139.903200 124.460000  orientation 0.00
layer front
$PAD "3"
Shape Rect Layer front
position  1.000000  0.000000  size  0.900000  0.800000  orientation 0.00
drill  0.000000
shape_offset  0.000000  0.000000
$EndPAD
$PAD "2"
Shape Rect Layer front
position -1.000000  0.950000  size  0.900000  0.800000  orientation 0.00
drill  0.000000
shape_offset  0.000000  0.000000
$EndPAD
$PAD "1"
Shape Rect Layer front
position -1.000000 -0.950000  size  0.900000  0.800000  orientation 0.00
drill  0.000000
shape_offset  0.000000  0.000000
$EndPAD
$EndMODULE  Q4

$MODULE "J5"
reference "J5"
value "Screw_Terminal_01x04"
footprint "TerminalBlock_Phoenix:TerminalBlock_Phoenix_MPT-0,5-4-2.54_1x04_P2.54mm_Horizontal"
attribut none
position 147.878800 123.240800  orientation 0.00
layer front
$PAD "4"
Shape Circle Layer both
position  7.620000  0.000000  size  2.200000  2.200000  orientation 0.00
drill  1.100000
shape_offset  0.000000  0.000000
$EndPAD
$PAD "3"
Shape Circle Layer both
position  5.080000  0.000000  size  2.200000  2.200000  orientation 0.00
drill  1.100000
shape_offset  0.000000  0.000000
$EndPAD
$PAD "2"
Shape Circle Layer both
position  2.540000  0.000000  size  2.200000  2.200000  orientation 0.00
drill  1.100000
shape_offset  0.000000  0.000000
$EndPAD
$PAD "1"
Shape Rect Layer both
position  0.000000  0.000000  size  2.200000  2.200000  orientation 0.00
drill  1.100000
shape_offset  0.000000  0.000000
$EndPAD
$EndMODULE  J5

$MODULE "J3"
reference "J3"
value "Screw_Terminal_01x04"
footprint "TerminalBlock_Phoenix:TerminalBlock_Phoenix_MPT-0,5-4-2.54_1x04_P2.54mm_Horizontal"
attribut none
position 92.151200 105.765600  orientation 270.00
layer front
$PAD "4"
Shape Circle Layer both
position  7.620000  0.000000  size  2.200000  2.200000  orientation 0.00
drill  1.100000
shape_offset  0.000000  0.000000
$EndPAD
$PAD "3"
Shape Circle Layer both
position  5.080000  0.000000  size  2.200000  2.200000  orientation 0.00
drill  1.100000
shape_offset  0.000000  0.000000
$EndPAD
$PAD "2"
Shape Circle Layer both
position  2.540000  0.000000  size  2.200000  2.200000  orientation 0.00
drill  1.100000
shape_offset  0.000000  0.000000
$EndPAD
$PAD "1"
Shape Rect Layer both
position  0.000000  0.000000  size  2.200000  2.200000  orientation 0.00
drill  1.100000
shape_offset  0.000000  0.000000
$EndPAD
$EndMODULE  J3

$MODULE "D11"
reference "D11"
value "SMAJ15A-13-F"
footprint "Diode_SMD:D_SMA"
attribut smd
position 97.637600 108.915200  orientation 90.00
layer front
$PAD "2"
Shape Rect Layer front
position  2.000000  0.000000  size  2.500000  1.800000  orientation 0.00
drill  0.000000
shape_offset  0.000000  0.000000
$EndPAD
$PAD "1"
Shape Rect Layer front
position -2.000000  0.000000  size  2.500000  1.800000  orientation 0.00
drill  0.000000
shape_offset  0.000000  0.000000
$EndPAD
$EndMODULE  D11

$MODULE "C22"
reference "C22"
value "10uF"
footprint "Capacitor_SMD:C_0603_1608Metric"
attribut smd
position 105.816400 111.404400  orientation 0.00
layer front
$PAD "2"
Shape Roundrect Layer front
position  0.787500  0.000000  size  0.875000  0.950000  orientation 0.00
drill  0.000000
shape_offset  0.000000  0.000000
$EndPAD
$PAD "1"
Shape Roundrect Layer front
position -0.787500  0.000000  size  0.875000  0.950000  orientation 0.00
drill  0.000000
shape_offset  0.000000  0.000000
$EndPAD
$EndMODULE  C22

$MODULE "U11"
reference "U11"
value "LM2941CT-ADJ"
footprint "Package_TO_SOT_THT:TO-220-5_Vertical"
attribut none
position 157.429200 111.099600  orientation 90.00
layer front
$PAD "5"
Shape Oval Layer both
position  6.800000  0.000000  size  1.275000  1.800000  orientation 0.00
drill  1.100000
shape_offset  0.000000  0.000000
$EndPAD
$PAD "4"
Shape Oval Layer both
position  5.100000  0.000000  size  1.275000  1.800000  orientation 0.00
drill  1.100000
shape_offset  0.000000  0.000000
$EndPAD
$PAD "3"
Shape Oval Layer both
position  3.400000  0.000000  size  1.275000  1.800000  orientation 0.00
drill  1.100000
shape_offset  0.000000  0.000000
$EndPAD
$PAD "2"
Shape Oval Layer both
position  1.700000  0.000000  size  1.275000  1.800000  orientation 0.00
drill  1.100000
shape_offset  0.000000  0.000000
$EndPAD
$PAD "1"
Shape Rect Layer both
position  0.000000  0.000000  size  1.275000  1.800000  orientation 0.00
drill  1.100000
shape_offset  0.000000  0.000000
$EndPAD
$EndMODULE  U11

$MODULE "U8"
reference "U8"
value "TLV379"
footprint "Package_SO:TSOP-5_1.65x3.05mm_P0.95mm"
attribut smd
position 115.925600 92.303600  orientation 90.00
layer front
$PAD "5"
Shape Rect Layer front
position  1.160000 -0.950000  size  0.700000  0.510000  orientation 0.00
drill  0.000000
shape_offset  0.000000  0.000000
$EndPAD
$PAD "4"
Shape Rect Layer front
position  1.160000  0.950000  size  0.700000  0.510000  orientation 0.00
drill  0.000000
shape_offset  0.000000  0.000000
$EndPAD
$PAD "3"
Shape Rect Layer front
position -1.160000  0.950000  size  0.700000  0.510000  orientation 0.00
drill  0.000000
shape_offset  0.000000  0.000000
$EndPAD
$PAD "2"
Shape Rect Layer front
position -1.160000  0.000000  size  0.700000  0.510000  orientation 0.00
drill  0.000000
shape_offset  0.000000  0.000000
$EndPAD
$PAD "1"
Shape Rect Layer front
position -1.160000 -0.950000  size  0.700000  0.510000  orientation 0.00
drill  0.000000
shape_offset  0.000000  0.000000
$EndPAD
$EndMODULE  U8

$MODULE "R16"
reference "R16"
value "1K"
footprint "Resistor_SMD:R_0805_2012Metric"
attribut smd
position 152.755600 111.353600  orientation 90.00
layer front
$PAD "2"
Shape Roundrect Layer front
position  0.937500  0.000000  size  0.975000  1.400000  orientation 0.00
drill  0.000000
shape_offset  0.000000  0.000000
$EndPAD
$PAD "1"
Shape Roundrect Layer front
position -0.937500  0.000000  size  0.975000  1.400000  orientation 0.00
drill  0.000000
shape_offset  0.000000  0.000000
$EndPAD
$EndMODULE  R16

$MODULE "R15"
reference "R15"
value "3.3K"
footprint "Resistor_SMD:R_0805_2012Metric"
attribut smd
position 152.704800 107.543600  orientation 270.00
layer front
$PAD "2"
Shape Roundrect Layer front
position  0.937500  0.000000  size  0.975000  1.400000  orientation 0.00
drill  0.000000
shape_offset  0.000000  0.000000
$EndPAD
$PAD "1"
Shape Roundrect Layer front
position -0.937500  0.000000  size  0.975000  1.400000  orientation 0.00
drill  0.000000
shape_offset  0.000000  0.000000
$EndPAD
$EndMODULE  R15

$MODULE "R12"
reference "R12"
value "4.02M"
footprint "Resistor_SMD:R_0805_2012Metric"
attribut smd
position 119.481600 94.996000  orientation 0.00
layer front
$PAD "2"
Shape Roundrect Layer front
position  0.937500  0.000000  size  0.975000  1.400000  orientation 0.00
drill  0.000000
shape_offset  0.000000  0.000000
$EndPAD
$PAD "1"
Shape Roundrect Layer front
position -0.937500  0.000000  size  0.975000  1.400000  orientation 0.00
drill  0.000000
shape_offset  0.000000  0.000000
$EndPAD
$EndMODULE  R12

$MODULE "R11"
reference "R11"
value "1.2M"
footprint "Resistor_SMD:R_0805_2012Metric"
attribut smd
position 118.770400 92.252800  orientation 270.00
layer front
$PAD "2"
Shape Roundrect Layer front
position  0.937500  0.000000  size  0.975000  1.400000  orientation 0.00
drill  0.000000
shape_offset  0.000000  0.000000
$EndPAD
$PAD "1"
Shape Roundrect Layer front
position -0.937500  0.000000  size  0.975000  1.400000  orientation 0.00
drill  0.000000
shape_offset  0.000000  0.000000
$EndPAD
$EndMODULE  R11

$MODULE "C31"
reference "C31"
value "100uF"
footprint "Capacitor_SMD:C_1206_3216Metric"
attribut smd
position 101.650800 90.474800  orientation 270.00
layer front
$PAD "2"
Shape Roundrect Layer front
position  1.400000  0.000000  size  1.250000  1.750000  orientation 0.00
drill  0.000000
shape_offset  0.000000  0.000000
$EndPAD
$PAD "1"
Shape Roundrect Layer front
position -1.400000  0.000000  size  1.250000  1.750000  orientation 0.00
drill  0.000000
shape_offset  0.000000  0.000000
$EndPAD
$EndMODULE  C31

$MODULE "C34"
reference "C34"
value "33pF"
footprint "Capacitor_SMD:C_0603_1608Metric"
attribut smd
position 116.433600 54.406800  orientation 0.00
layer front
$PAD "2"
Shape Roundrect Layer front
position  0.787500  0.000000  size  0.875000  0.950000  orientation 0.00
drill  0.000000
shape_offset  0.000000  0.000000
$EndPAD
$PAD "1"
Shape Roundrect Layer front
position -0.787500  0.000000  size  0.875000  0.950000  orientation 0.00
drill  0.000000
shape_offset  0.000000  0.000000
$EndPAD
$EndMODULE  C34

$MODULE "U12"
reference "U12"
value "SIM808"
footprint "sim808:SIM900_SMT"
attribut smd
position 112.776000 72.898000  orientation 90.00
layer front
$PAD "P$68"
Shape Roundrect Layer front
position -8.000000 -12.400000  size  2.000000  0.600000  orientation -90.00
drill  0.000000
shape_offset  0.000000  0.000000
$EndPAD
$PAD "P$67"
Shape Roundrect Layer front
position -7.000000 -12.400000  size  2.000000  0.600000  orientation -90.00
drill  0.000000
shape_offset  0.000000  0.000000
$EndPAD
$PAD "P$66"
Shape Roundrect Layer front
position -6.000000 -12.400000  size  2.000000  0.600000  orientation -90.00
drill  0.000000
shape_offset  0.000000  0.000000
$EndPAD
$PAD "P$65"
Shape Roundrect Layer front
position -5.000000 -12.400000  size  2.000000  0.600000  orientation -90.00
drill  0.000000
shape_offset  0.000000  0.000000
$EndPAD
$PAD "P$64"
Shape Roundrect Layer front
position -4.000000 -12.400000  size  2.000000  0.600000  orientation -90.00
drill  0.000000
shape_offset  0.000000  0.000000
$EndPAD
$PAD "P$63"
Shape Roundrect Layer front
position -3.000000 -12.400000  size  2.000000  0.600000  orientation -90.00
drill  0.000000
shape_offset  0.000000  0.000000
$EndPAD
$PAD "P$62"
Shape Roundrect Layer front
position -2.000000 -12.400000  size  2.000000  0.600000  orientation -90.00
drill  0.000000
shape_offset  0.000000  0.000000
$EndPAD
$PAD "P$61"
Shape Roundrect Layer front
position -1.000000 -12.400000  size  2.000000  0.600000  orientation -90.00
drill  0.000000
shape_offset  0.000000  0.000000
$EndPAD
$PAD "P$60"
Shape Roundrect Layer front
position  0.000000 -12.400000  size  2.000000  0.600000  orientation -90.00
drill  0.000000
shape_offset  0.000000  0.000000
$EndPAD
$PAD "P$59"
Shape Roundrect Layer front
position  1.000000 -12.400000  size  2.000000  0.600000  orientation -90.00
drill  0.000000
shape_offset  0.000000  0.000000
$EndPAD
$PAD "P$58"
Shape Roundrect Layer front
position  2.000000 -12.400000  size  2.000000  0.600000  orientation -90.00
drill  0.000000
shape_offset  0.000000  0.000000
$EndPAD
$PAD "P$57"
Shape Roundrect Layer front
position  3.000000 -12.400000  size  2.000000  0.600000  orientation -90.00
drill  0.000000
shape_offset  0.000000  0.000000
$EndPAD
$PAD "P$56"
Shape Roundrect Layer front
position  4.000000 -12.400000  size  2.000000  0.600000  orientation -90.00
drill  0.000000
shape_offset  0.000000  0.000000
$EndPAD
$PAD "P$55"
Shape Roundrect Layer front
position  5.000000 -12.400000  size  2.000000  0.600000  orientation -90.00
drill  0.000000
shape_offset  0.000000  0.000000
$EndPAD
$PAD "P$54"
Shape Roundrect Layer front
position  6.000000 -12.400000  size  2.000000  0.600000  orientation -90.00
drill  0.000000
shape_offset  0.000000  0.000000
$EndPAD
$PAD "P$53"
Shape Roundrect Layer front
position  7.000000 -12.400000  size  2.000000  0.600000  orientation -90.00
drill  0.000000
shape_offset  0.000000  0.000000
$EndPAD
$PAD "P$52"
Shape Roundrect Layer front
position  8.000000 -12.400000  size  2.000000  0.600000  orientation -90.00
drill  0.000000
shape_offset  0.000000  0.000000
$EndPAD
$PAD "P$51"
Shape Roundrect Layer front
position 12.400000 -8.000000  size  2.000000  0.600000  orientation 180.00
drill  0.000000
shape_offset  0.000000  0.000000
$EndPAD
$PAD "P$50"
Shape Roundrect Layer front
position 12.400000 -7.000000  size  2.000000  0.600000  orientation 180.00
drill  0.000000
shape_offset  0.000000  0.000000
$EndPAD
$PAD "P$49"
Shape Roundrect Layer front
position 12.400000 -6.000000  size  2.000000  0.600000  orientation 180.00
drill  0.000000
shape_offset  0.000000  0.000000
$EndPAD
$PAD "P$48"
Shape Roundrect Layer front
position 12.400000 -5.000000  size  2.000000  0.600000  orientation 180.00
drill  0.000000
shape_offset  0.000000  0.000000
$EndPAD
$PAD "P$47"
Shape Roundrect Layer front
position 12.400000 -4.000000  size  2.000000  0.600000  orientation 180.00
drill  0.000000
shape_offset  0.000000  0.000000
$EndPAD
$PAD "P$46"
Shape Roundrect Layer front
position 12.400000 -3.000000  size  2.000000  0.600000  orientation 180.00
drill  0.000000
shape_offset  0.000000  0.000000
$EndPAD
$PAD "P$45"
Shape Roundrect Layer front
position 12.400000 -2.000000  size  2.000000  0.600000  orientation 180.00
drill  0.000000
shape_offset  0.000000  0.000000
$EndPAD
$PAD "P$44"
Shape Roundrect Layer front
position 12.400000 -1.000000  size  2.000000  0.600000  orientation 180.00
drill  0.000000
shape_offset  0.000000  0.000000
$EndPAD
$PAD "P$43"
Shape Roundrect Layer front
position 12.400000  0.000000  size  2.000000  0.600000  orientation 180.00
drill  0.000000
shape_offset  0.000000  0.000000
$EndPAD
$PAD "P$42"
Shape Roundrect Layer front
position 12.400000  1.000000  size  2.000000  0.600000  orientation 180.00
drill  0.000000
shape_offset  0.000000  0.000000
$EndPAD
$PAD "P$41"
Shape Roundrect Layer front
position 12.400000  2.000000  size  2.000000  0.600000  orientation 180.00
drill  0.000000
shape_offset  0.000000  0.000000
$EndPAD
$PAD "P$40"
Shape Roundrect Layer front
position 12.400000  3.000000  size  2.000000  0.600000  orientation 180.00
drill  0.000000
shape_offset  0.000000  0.000000
$EndPAD
$PAD "P$39"
Shape Roundrect Layer front
position 12.400000  4.000000  size  2.000000  0.600000  orientation 180.00
drill  0.000000
shape_offset  0.000000  0.000000
$EndPAD
$PAD "P$38"
Shape Roundrect Layer front
position 12.400000  5.000000  size  2.000000  0.600000  orientation 180.00
drill  0.000000
shape_offset  0.000000  0.000000
$EndPAD
$PAD "P$37"
Shape Roundrect Layer front
position 12.400000  6.000000  size  2.000000  0.600000  orientation 180.00
drill  0.000000
shape_offset  0.000000  0.000000
$EndPAD
$PAD "P$36"
Shape Roundrect Layer front
position 12.400000  7.000000  size  2.000000  0.600000  orientation 180.00
drill  0.000000
shape_offset  0.000000  0.000000
$EndPAD
$PAD "P$35"
Shape Roundrect Layer front
position 12.400000  8.000000  size  2.000000  0.600000  orientation 180.00
drill  0.000000
shape_offset  0.000000  0.000000
$EndPAD
$PAD "P$34"
Shape Roundrect Layer front
position  8.000000 12.400000  size  2.000000  0.600000  orientation 90.00
drill  0.000000
shape_offset  0.000000  0.000000
$EndPAD
$PAD "P$33"
Shape Roundrect Layer front
position  7.000000 12.400000  size  2.000000  0.600000  orientation 90.00
drill  0.000000
shape_offset  0.000000  0.000000
$EndPAD
$PAD "P$32"
Shape Roundrect Layer front
position  6.000000 12.400000  size  2.000000  0.600000  orientation 90.00
drill  0.000000
shape_offset  0.000000  0.000000
$EndPAD
$PAD "P$31"
Shape Roundrect Layer front
position  5.000000 12.400000  size  2.000000  0.600000  orientation 90.00
drill  0.000000
shape_offset  0.000000  0.000000
$EndPAD
$PAD "P$30"
Shape Roundrect Layer front
position  4.000000 12.400000  size  2.000000  0.600000  orientation 90.00
drill  0.000000
shape_offset  0.000000  0.000000
$EndPAD
$PAD "P$29"
Shape Roundrect Layer front
position  3.000000 12.400000  size  2.000000  0.600000  orientation 90.00
drill  0.000000
shape_offset  0.000000  0.000000
$EndPAD
$PAD "P$28"
Shape Roundrect Layer front
position  2.000000 12.400000  size  2.000000  0.600000  orientation 90.00
drill  0.000000
shape_offset  0.000000  0.000000
$EndPAD
$PAD "P$27"
Shape Roundrect Layer front
position  1.000000 12.400000  size  2.000000  0.600000  orientation 90.00
drill  0.000000
shape_offset  0.000000  0.000000
$EndPAD
$PAD "P$26"
Shape Roundrect Layer front
position  0.000000 12.400000  size  2.000000  0.600000  orientation 90.00
drill  0.000000
shape_offset  0.000000  0.000000
$EndPAD
$PAD "P$25"
Shape Roundrect Layer front
position -1.000000 12.400000  size  2.000000  0.600000  orientation 90.00
drill  0.000000
shape_offset  0.000000  0.000000
$EndPAD
$PAD "P$24"
Shape Roundrect Layer front
position -2.000000 12.400000  size  2.000000  0.600000  orientation 90.00
drill  0.000000
shape_offset  0.000000  0.000000
$EndPAD
$PAD "P$23"
Shape Roundrect Layer front
position -3.000000 12.400000  size  2.000000  0.600000  orientation 90.00
drill  0.000000
shape_offset  0.000000  0.000000
$EndPAD
$PAD "P$22"
Shape Roundrect Layer front
position -4.000000 12.400000  size  2.000000  0.600000  orientation 90.00
drill  0.000000
shape_offset  0.000000  0.000000
$EndPAD
$PAD "P$21"
Shape Roundrect Layer front
position -5.000000 12.400000  size  2.000000  0.600000  orientation 90.00
drill  0.000000
shape_offset  0.000000  0.000000
$EndPAD
$PAD "P$20"
Shape Roundrect Layer front
position -6.000000 12.400000  size  2.000000  0.600000  orientation 90.00
drill  0.000000
shape_offset  0.000000  0.000000
$EndPAD
$PAD "P$19"
Shape Roundrect Layer front
position -7.000000 12.400000  size  2.000000  0.600000  orientation 90.00
drill  0.000000
shape_offset  0.000000  0.000000
$EndPAD
$PAD "P$18"
Shape Roundrect Layer front
position -8.000000 12.400000  size  2.000000  0.600000  orientation 90.00
drill  0.000000
shape_offset  0.000000  0.000000
$EndPAD
$PAD "P$17"
Shape Roundrect Layer front
position -12.400000  8.000000  size  2.000000  0.600000  orientation 0.00
drill  0.000000
shape_offset  0.000000  0.000000
$EndPAD
$PAD "P$16"
Shape Roundrect Layer front
position -12.400000  7.000000  size  2.000000  0.600000  orientation 0.00
drill  0.000000
shape_offset  0.000000  0.000000
$EndPAD
$PAD "P$15"
Shape Roundrect Layer front
position -12.400000  6.000000  size  2.000000  0.600000  orientation 0.00
drill  0.000000
shape_offset  0.000000  0.000000
$EndPAD
$PAD "P$14"
Shape Roundrect Layer front
position -12.400000  5.000000  size  2.000000  0.600000  orientation 0.00
drill  0.000000
shape_offset  0.000000  0.000000
$EndPAD
$PAD "P$13"
Shape Roundrect Layer front
position -12.400000  4.000000  size  2.000000  0.600000  orientation 0.00
drill  0.000000
shape_offset  0.000000  0.000000
$EndPAD
$PAD "P$12"
Shape Roundrect Layer front
position -12.400000  3.000000  size  2.000000  0.600000  orientation 0.00
drill  0.000000
shape_offset  0.000000  0.000000
$EndPAD
$PAD "P$11"
Shape Roundrect Layer front
position -12.400000  2.000000  size  2.000000  0.600000  orientation 0.00
drill  0.000000
shape_offset  0.000000  0.000000
$EndPAD
$PAD "P$10"
Shape Roundrect Layer front
position -12.400000  1.000000  size  2.000000  0.600000  orientation 0.00
drill  0.000000
shape_offset  0.000000  0.000000
$EndPAD
$PAD "P$9"
Shape Roundrect Layer front
position -12.400000  0.000000  size  2.000000  0.600000  orientation 0.00
drill  0.000000
shape_offset  0.000000  0.000000
$EndPAD
$PAD "P$8"
Shape Roundrect Layer front
position -12.400000 -1.000000  size  2.000000  0.600000  orientation 0.00
drill  0.000000
shape_offset  0.000000  0.000000
$EndPAD
$PAD "P$7"
Shape Roundrect Layer front
position -12.400000 -2.000000  size  2.000000  0.600000  orientation 0.00
drill  0.000000
shape_offset  0.000000  0.000000
$EndPAD
$PAD "P$6"
Shape Roundrect Layer front
position -12.400000 -3.000000  size  2.000000  0.600000  orientation 0.00
drill  0.000000
shape_offset  0.000000  0.000000
$EndPAD
$PAD "P$5"
Shape Roundrect Layer front
position -12.400000 -4.000000  size  2.000000  0.600000  orientation 0.00
drill  0.000000
shape_offset  0.000000  0.000000
$EndPAD
$PAD "P$4"
Shape Roundrect Layer front
position -12.400000 -5.000000  size  2.000000  0.600000  orientation 0.00
drill  0.000000
shape_offset  0.000000  0.000000
$EndPAD
$PAD "P$3"
Shape Roundrect Layer front
position -12.400000 -6.000000  size  2.000000  0.600000  orientation 0.00
drill  0.000000
shape_offset  0.000000  0.000000
$EndPAD
$PAD "P$2"
Shape Roundrect Layer front
position -12.400000 -7.000000  size  2.000000  0.600000  orientation 0.00
drill  0.000000
shape_offset  0.000000  0.000000
$EndPAD
$PAD "P$1"
Shape Roundrect Layer front
position -12.400000 -8.000000  size  2.000000  0.600000  orientation 0.00
drill  0.000000
shape_offset  0.000000  0.000000
$EndPAD
$EndMODULE  U12

$MODULE "C30"
reference "C30"
value "0.1uF"
footprint "Capacitor_SMD:C_0603_1608Metric"
attribut smd
position 140.970000 67.868800  orientation 0.00
layer front
$PAD "2"
Shape Roundrect Layer front
position  0.787500  0.000000  size  0.875000  0.950000  orientation 0.00
drill  0.000000
shape_offset  0.000000  0.000000
$EndPAD
$PAD "1"
Shape Roundrect Layer front
position -0.787500  0.000000  size  0.875000  0.950000  orientation 0.00
drill  0.000000
shape_offset  0.000000  0.000000
$EndPAD
$EndMODULE  C30

$MODULE "J2"
reference "J2"
value "USB_B_Micro"
footprint "Libraries:GCT_USB3145-XX-X_REVB"
attribut none
position 145.542000 104.394000  orientation 90.00
layer front
$PAD "7"
Shape Rect Layer front
position  3.575000 -1.035000  size  0.100000  0.100000  orientation 0.00
drill  0.000000
shape_offset  0.000000  0.000000
$EndPAD
$PAD ""
Shape Circle Layer both
position  3.575000 -0.360000  size  0.350000  0.350000  orientation 0.00
drill  0.350000
shape_offset  0.000000  0.000000
$EndPAD
$PAD "6"
Shape Rect Layer front
position -3.575000 -1.035000  size  0.100000  0.100000  orientation 0.00
drill  0.000000
shape_offset  0.000000  0.000000
$EndPAD
$PAD ""
Shape Circle Layer both
position -3.575000 -0.360000  size  0.350000  0.350000  orientation 0.00
drill  0.350000
shape_offset  0.000000  0.000000
$EndPAD
$PAD "5"
Shape Circle Layer both
position  1.300000 -0.250000  size  0.800000  0.800000  orientation 0.00
drill  0.400000
shape_offset  0.000000  0.000000
$EndPAD
$PAD "4"
Shape Circle Layer both
position  0.650000  0.750000  size  0.800000  0.800000  orientation 0.00
drill  0.400000
shape_offset  0.000000  0.000000
$EndPAD
$PAD "3"
Shape Circle Layer both
position  0.000000 -0.250000  size  0.800000  0.800000  orientation 0.00
drill  0.400000
shape_offset  0.000000  0.000000
$EndPAD
$PAD "2"
Shape Circle Layer both
position -0.650000  0.750000  size  0.800000  0.800000  orientation 0.00
drill  0.400000
shape_offset  0.000000  0.000000
$EndPAD
$PAD "1"
Shape Circle Layer both
position -1.300000 -0.250000  size  0.800000  0.800000  orientation 0.00
drill  0.400000
shape_offset  0.000000  0.000000
$EndPAD
$EndMODULE  J2

$MODULE "U7"
reference "U7"
value "74LVC1G17"
footprint "Package_TO_SOT_SMD:SOT-23-5"
attribut smd
position 127.660400 124.815600  orientation 180.00
layer front
$PAD "5"
Shape Rect Layer front
position  1.100000 -0.950000  size  1.060000  0.650000  orientation 0.00
drill  0.000000
shape_offset  0.000000  0.000000
$EndPAD
$PAD "4"
Shape Rect Layer front
position  1.100000  0.950000  size  1.060000  0.650000  orientation 0.00
drill  0.000000
shape_offset  0.000000  0.000000
$EndPAD
$PAD "3"
Shape Rect Layer front
position -1.100000  0.950000  size  1.060000  0.650000  orientation 0.00
drill  0.000000
shape_offset  0.000000  0.000000
$EndPAD
$PAD "2"
Shape Rect Layer front
position -1.100000  0.000000  size  1.060000  0.650000  orientation 0.00
drill  0.000000
shape_offset  0.000000  0.000000
$EndPAD
$PAD "1"
Shape Rect Layer front
position -1.100000 -0.950000  size  1.060000  0.650000  orientation 0.00
drill  0.000000
shape_offset  0.000000  0.000000
$EndPAD
$EndMODULE  U7

$MODULE "U6"
reference "U6"
value "74LVC1G17"
footprint "Package_TO_SOT_SMD:SOT-23-5"
attribut smd
position 127.711200 119.634000  orientation 180.00
layer front
$PAD "5"
Shape Rect Layer front
position  1.100000 -0.950000  size  1.060000  0.650000  orientation 0.00
drill  0.000000
shape_offset  0.000000  0.000000
$EndPAD
$PAD "4"
Shape Rect Layer front
position  1.100000  0.950000  size  1.060000  0.650000  orientation 0.00
drill  0.000000
shape_offset  0.000000  0.000000
$EndPAD
$PAD "3"
Shape Rect Layer front
position -1.100000  0.950000  size  1.060000  0.650000  orientation 0.00
drill  0.000000
shape_offset  0.000000  0.000000
$EndPAD
$PAD "2"
Shape Rect Layer front
position -1.100000  0.000000  size  1.060000  0.650000  orientation 0.00
drill  0.000000
shape_offset  0.000000  0.000000
$EndPAD
$PAD "1"
Shape Rect Layer front
position -1.100000 -0.950000  size  1.060000  0.650000  orientation 0.00
drill  0.000000
shape_offset  0.000000  0.000000
$EndPAD
$EndMODULE  U6

$MODULE "U5"
reference "U5"
value "74LVC1G17"
footprint "Package_TO_SOT_SMD:SOT-23-5"
attribut smd
position 127.660400 114.350800  orientation 180.00
layer front
$PAD "5"
Shape Rect Layer front
position  1.100000 -0.950000  size  1.060000  0.650000  orientation 0.00
drill  0.000000
shape_offset  0.000000  0.000000
$EndPAD
$PAD "4"
Shape Rect Layer front
position  1.100000  0.950000  size  1.060000  0.650000  orientation 0.00
drill  0.000000
shape_offset  0.000000  0.000000
$EndPAD
$PAD "3"
Shape Rect Layer front
position -1.100000  0.950000  size  1.060000  0.650000  orientation 0.00
drill  0.000000
shape_offset  0.000000  0.000000
$EndPAD
$PAD "2"
Shape Rect Layer front
position -1.100000  0.000000  size  1.060000  0.650000  orientation 0.00
drill  0.000000
shape_offset  0.000000  0.000000
$EndPAD
$PAD "1"
Shape Rect Layer front
position -1.100000 -0.950000  size  1.060000  0.650000  orientation 0.00
drill  0.000000
shape_offset  0.000000  0.000000
$EndPAD
$EndMODULE  U5

$MODULE "D4"
reference "D4"
value "SMAJ15A-13-F"
footprint "Diode_SMD:D_SMA"
attribut smd
position 144.018000 122.783600  orientation 90.00
layer front
$PAD "2"
Shape Rect Layer front
position  2.000000  0.000000  size  2.500000  1.800000  orientation 0.00
drill  0.000000
shape_offset  0.000000  0.000000
$EndPAD
$PAD "1"
Shape Rect Layer front
position -2.000000  0.000000  size  2.500000  1.800000  orientation 0.00
drill  0.000000
shape_offset  0.000000  0.000000
$EndPAD
$EndMODULE  D4

$MODULE "C19"
reference "C19"
value "0.1uF"
footprint "Capacitor_SMD:C_0603_1608Metric"
attribut smd
position 127.254000 116.992400  orientation 0.00
layer front
$PAD "2"
Shape Roundrect Layer front
position  0.787500  0.000000  size  0.875000  0.950000  orientation 0.00
drill  0.000000
shape_offset  0.000000  0.000000
$EndPAD
$PAD "1"
Shape Roundrect Layer front
position -0.787500  0.000000  size  0.875000  0.950000  orientation 0.00
drill  0.000000
shape_offset  0.000000  0.000000
$EndPAD
$EndMODULE  C19

$MODULE "C20"
reference "C20"
value "0.1uF"
footprint "Capacitor_SMD:C_0603_1608Metric"
attribut smd
position 105.156000 125.476000  orientation 180.00
layer front
$PAD "2"
Shape Roundrect Layer front
position  0.787500  0.000000  size  0.875000  0.950000  orientation 0.00
drill  0.000000
shape_offset  0.000000  0.000000
$EndPAD
$PAD "1"
Shape Roundrect Layer front
position -0.787500  0.000000  size  0.875000  0.950000  orientation 0.00
drill  0.000000
shape_offset  0.000000  0.000000
$EndPAD
$EndMODULE  C20

$MODULE "U2"
reference "U2"
value "ATSAMD21G_TQFP"
footprint "Package_QFP:TQFP-48_7x7mm_P0.5mm"
attribut smd
position 135.534400 104.851200  orientation 0.00
layer front
$PAD "48"
Shape Rect Layer front
position -2.750000 -4.350000  size  1.300000  0.250000  orientation 90.00
drill  0.000000
shape_offset  0.000000  0.000000
$EndPAD
$PAD "47"
Shape Rect Layer front
position -2.250000 -4.350000  size  1.300000  0.250000  orientation 90.00
drill  0.000000
shape_offset  0.000000  0.000000
$EndPAD
$PAD "46"
Shape Rect Layer front
position -1.750000 -4.350000  size  1.300000  0.250000  orientation 90.00
drill  0.000000
shape_offset  0.000000  0.000000
$EndPAD
$PAD "45"
Shape Rect Layer front
position -1.250000 -4.350000  size  1.300000  0.250000  orientation 90.00
drill  0.000000
shape_offset  0.000000  0.000000
$EndPAD
$PAD "44"
Shape Rect Layer front
position -0.750000 -4.350000  size  1.300000  0.250000  orientation 90.00
drill  0.000000
shape_offset  0.000000  0.000000
$EndPAD
$PAD "43"
Shape Rect Layer front
position -0.250000 -4.350000  size  1.300000  0.250000  orientation 90.00
drill  0.000000
shape_offset  0.000000  0.000000
$EndPAD
$PAD "42"
Shape Rect Layer front
position  0.250000 -4.350000  size  1.300000  0.250000  orientation 90.00
drill  0.000000
shape_offset  0.000000  0.000000
$EndPAD
$PAD "41"
Shape Rect Layer front
position  0.750000 -4.350000  size  1.300000  0.250000  orientation 90.00
drill  0.000000
shape_offset  0.000000  0.000000
$EndPAD
$PAD "40"
Shape Rect Layer front
position  1.250000 -4.350000  size  1.300000  0.250000  orientation 90.00
drill  0.000000
shape_offset  0.000000  0.000000
$EndPAD
$PAD "39"
Shape Rect Layer front
position  1.750000 -4.350000  size  1.300000  0.250000  orientation 90.00
drill  0.000000
shape_offset  0.000000  0.000000
$EndPAD
$PAD "38"
Shape Rect Layer front
position  2.250000 -4.350000  size  1.300000  0.250000  orientation 90.00
drill  0.000000
shape_offset  0.000000  0.000000
$EndPAD
$PAD "37"
Shape Rect Layer front
position  2.750000 -4.350000  size  1.300000  0.250000  orientation 90.00
drill  0.000000
shape_offset  0.000000  0.000000
$EndPAD
$PAD "36"
Shape Rect Layer front
position  4.350000 -2.750000  size  1.300000  0.250000  orientation 0.00
drill  0.000000
shape_offset  0.000000  0.000000
$EndPAD
$PAD "35"
Shape Rect Layer front
position  4.350000 -2.250000  size  1.300000  0.250000  orientation 0.00
drill  0.000000
shape_offset  0.000000  0.000000
$EndPAD
$PAD "34"
Shape Rect Layer front
position  4.350000 -1.750000  size  1.300000  0.250000  orientation 0.00
drill  0.000000
shape_offset  0.000000  0.000000
$EndPAD
$PAD "33"
Shape Rect Layer front
position  4.350000 -1.250000  size  1.300000  0.250000  orientation 0.00
drill  0.000000
shape_offset  0.000000  0.000000
$EndPAD
$PAD "32"
Shape Rect Layer front
position  4.350000 -0.750000  size  1.300000  0.250000  orientation 0.00
drill  0.000000
shape_offset  0.000000  0.000000
$EndPAD
$PAD "31"
Shape Rect Layer front
position  4.350000 -0.250000  size  1.300000  0.250000  orientation 0.00
drill  0.000000
shape_offset  0.000000  0.000000
$EndPAD
$PAD "30"
Shape Rect Layer front
position  4.350000  0.250000  size  1.300000  0.250000  orientation 0.00
drill  0.000000
shape_offset  0.000000  0.000000
$EndPAD
$PAD "29"
Shape Rect Layer front
position  4.350000  0.750000  size  1.300000  0.250000  orientation 0.00
drill  0.000000
shape_offset  0.000000  0.000000
$EndPAD
$PAD "28"
Shape Rect Layer front
position  4.350000  1.250000  size  1.300000  0.250000  orientation 0.00
drill  0.000000
shape_offset  0.000000  0.000000
$EndPAD
$PAD "27"
Shape Rect Layer front
position  4.350000  1.750000  size  1.300000  0.250000  orientation 0.00
drill  0.000000
shape_offset  0.000000  0.000000
$EndPAD
$PAD "26"
Shape Rect Layer front
position  4.350000  2.250000  size  1.300000  0.250000  orientation 0.00
drill  0.000000
shape_offset  0.000000  0.000000
$EndPAD
$PAD "25"
Shape Rect Layer front
position  4.350000  2.750000  size  1.300000  0.250000  orientation 0.00
drill  0.000000
shape_offset  0.000000  0.000000
$EndPAD
$PAD "24"
Shape Rect Layer front
position  2.750000  4.350000  size  1.300000  0.250000  orientation 90.00
drill  0.000000
shape_offset  0.000000  0.000000
$EndPAD
$PAD "23"
Shape Rect Layer front
position  2.250000  4.350000  size  1.300000  0.250000  orientation 90.00
drill  0.000000
shape_offset  0.000000  0.000000
$EndPAD
$PAD "22"
Shape Rect Layer front
position  1.750000  4.350000  size  1.300000  0.250000  orientation 90.00
drill  0.000000
shape_offset  0.000000  0.000000
$EndPAD
$PAD "21"
Shape Rect Layer front
position  1.250000  4.350000  size  1.300000  0.250000  orientation 90.00
drill  0.000000
shape_offset  0.000000  0.000000
$EndPAD
$PAD "20"
Shape Rect Layer front
position  0.750000  4.350000  size  1.300000  0.250000  orientation 90.00
drill  0.000000
shape_offset  0.000000  0.000000
$EndPAD
$PAD "19"
Shape Rect Layer front
position  0.250000  4.350000  size  1.300000  0.250000  orientation 90.00
drill  0.000000
shape_offset  0.000000  0.000000
$EndPAD
$PAD "18"
Shape Rect Layer front
position -0.250000  4.350000  size  1.300000  0.250000  orientation 90.00
drill  0.000000
shape_offset  0.000000  0.000000
$EndPAD
$PAD "17"
Shape Rect Layer front
position -0.750000  4.350000  size  1.300000  0.250000  orientation 90.00
drill  0.000000
shape_offset  0.000000  0.000000
$EndPAD
$PAD "16"
Shape Rect Layer front
position -1.250000  4.350000  size  1.300000  0.250000  orientation 90.00
drill  0.000000
shape_offset  0.000000  0.000000
$EndPAD
$PAD "15"
Shape Rect Layer front
position -1.750000  4.350000  size  1.300000  0.250000  orientation 90.00
drill  0.000000
shape_offset  0.000000  0.000000
$EndPAD
$PAD "14"
Shape Rect Layer front
position -2.250000  4.350000  size  1.300000  0.250000  orientation 90.00
drill  0.000000
shape_offset  0.000000  0.000000
$EndPAD
$PAD "13"
Shape Rect Layer front
position -2.750000  4.350000  size  1.300000  0.250000  orientation 90.00
drill  0.000000
shape_offset  0.000000  0.000000
$EndPAD
$PAD "12"
Shape Rect Layer front
position -4.350000  2.750000  size  1.300000  0.250000  orientation 0.00
drill  0.000000
shape_offset  0.000000  0.000000
$EndPAD
$PAD "11"
Shape Rect Layer front
position -4.350000  2.250000  size  1.300000  0.250000  orientation 0.00
drill  0.000000
shape_offset  0.000000  0.000000
$EndPAD
$PAD "10"
Shape Rect Layer front
position -4.350000  1.750000  size  1.300000  0.250000  orientation 0.00
drill  0.000000
shape_offset  0.000000  0.000000
$EndPAD
$PAD "9"
Shape Rect Layer front
position -4.350000  1.250000  size  1.300000  0.250000  orientation 0.00
drill  0.000000
shape_offset  0.000000  0.000000
$EndPAD
$PAD "8"
Shape Rect Layer front
position -4.350000  0.750000  size  1.300000  0.250000  orientation 0.00
drill  0.000000
shape_offset  0.000000  0.000000
$EndPAD
$PAD "7"
Shape Rect Layer front
position -4.350000  0.250000  size  1.300000  0.250000  orientation 0.00
drill  0.000000
shape_offset  0.000000  0.000000
$EndPAD
$PAD "6"
Shape Rect Layer front
position -4.350000 -0.250000  size  1.300000  0.250000  orientation 0.00
drill  0.000000
shape_offset  0.000000  0.000000
$EndPAD
$PAD "5"
Shape Rect Layer front
position -4.350000 -0.750000  size  1.300000  0.250000  orientation 0.00
drill  0.000000
shape_offset  0.000000  0.000000
$EndPAD
$PAD "4"
Shape Rect Layer front
position -4.350000 -1.250000  size  1.300000  0.250000  orientation 0.00
drill  0.000000
shape_offset  0.000000  0.000000
$EndPAD
$PAD "3"
Shape Rect Layer front
position -4.350000 -1.750000  size  1.300000  0.250000  orientation 0.00
drill  0.000000
shape_offset  0.000000  0.000000
$EndPAD
$PAD "2"
Shape Rect Layer front
position -4.350000 -2.250000  size  1.300000  0.250000  orientation 0.00
drill  0.000000
shape_offset  0.000000  0.000000
$EndPAD
$PAD "1"
Shape Rect Layer front
position -4.350000 -2.750000  size  1.300000  0.250000  orientation 0.00
drill  0.000000
shape_offset  0.000000  0.000000
$EndPAD
$EndMODULE  U2

$MODULE "U10"
reference "U10"
value "TLV75733PDBVR"
footprint "Package_TO_SOT_SMD:SOT-23-5"
attribut smd
position 110.591600 92.456000  orientation 270.00
layer front
$PAD "5"
Shape Rect Layer front
position  1.100000 -0.950000  size  1.060000  0.650000  orientation 0.00
drill  0.000000
shape_offset  0.000000  0.000000
$EndPAD
$PAD "4"
Shape Rect Layer front
position  1.100000  0.950000  size  1.060000  0.650000  orientation 0.00
drill  0.000000
shape_offset  0.000000  0.000000
$EndPAD
$PAD "3"
Shape Rect Layer front
position -1.100000  0.950000  size  1.060000  0.650000  orientation 0.00
drill  0.000000
shape_offset  0.000000  0.000000
$EndPAD
$PAD "2"
Shape Rect Layer front
position -1.100000  0.000000  size  1.060000  0.650000  orientation 0.00
drill  0.000000
shape_offset  0.000000  0.000000
$EndPAD
$PAD "1"
Shape Rect Layer front
position -1.100000 -0.950000  size  1.060000  0.650000  orientation 0.00
drill  0.000000
shape_offset  0.000000  0.000000
$EndPAD
$EndMODULE  U10

$MODULE "U4"
reference "U4"
value "TJA1027T"
footprint "Package_SO:SOIC-8_3.9x4.9mm_P1.27mm"
attribut smd
position 102.209600 119.227600  orientation 180.00
layer front
$PAD "8"
Shape Roundrect Layer front
position  2.475000 -1.905000  size  1.950000  0.600000  orientation 0.00
drill  0.000000
shape_offset  0.000000  0.000000
$EndPAD
$PAD "7"
Shape Roundrect Layer front
position  2.475000 -0.635000  size  1.950000  0.600000  orientation 0.00
drill  0.000000
shape_offset  0.000000  0.000000
$EndPAD
$PAD "6"
Shape Roundrect Layer front
position  2.475000  0.635000  size  1.950000  0.600000  orientation 0.00
drill  0.000000
shape_offset  0.000000  0.000000
$EndPAD
$PAD "5"
Shape Roundrect Layer front
position  2.475000  1.905000  size  1.950000  0.600000  orientation 0.00
drill  0.000000
shape_offset  0.000000  0.000000
$EndPAD
$PAD "4"
Shape Roundrect Layer front
position -2.475000  1.905000  size  1.950000  0.600000  orientation 0.00
drill  0.000000
shape_offset  0.000000  0.000000
$EndPAD
$PAD "3"
Shape Roundrect Layer front
position -2.475000  0.635000  size  1.950000  0.600000  orientation 0.00
drill  0.000000
shape_offset  0.000000  0.000000
$EndPAD
$PAD "2"
Shape Roundrect Layer front
position -2.475000 -0.635000  size  1.950000  0.600000  orientation 0.00
drill  0.000000
shape_offset  0.000000  0.000000
$EndPAD
$PAD "1"
Shape Roundrect Layer front
position -2.475000 -1.905000  size  1.950000  0.600000  orientation 0.00
drill  0.000000
shape_offset  0.000000  0.000000
$EndPAD
$EndMODULE  U4

$MODULE "R21"
reference "R21"
value "12K"
footprint "Resistor_SMD:R_0805_2012Metric"
attribut smd
position 109.270800 55.067200  orientation 270.00
layer front
$PAD "2"
Shape Roundrect Layer front
position  0.937500  0.000000  size  0.975000  1.400000  orientation 0.00
drill  0.000000
shape_offset  0.000000  0.000000
$EndPAD
$PAD "1"
Shape Roundrect Layer front
position -0.937500  0.000000  size  0.975000  1.400000  orientation 0.00
drill  0.000000
shape_offset  0.000000  0.000000
$EndPAD
$EndMODULE  R21

$MODULE "R20"
reference "R20"
value "300"
footprint "Resistor_SMD:R_0805_2012Metric"
attribut smd
position 112.318800 53.644800  orientation 180.00
layer front
$PAD "2"
Shape Roundrect Layer front
position  0.937500  0.000000  size  0.975000  1.400000  orientation 0.00
drill  0.000000
shape_offset  0.000000  0.000000
$EndPAD
$PAD "1"
Shape Roundrect Layer front
position -0.937500  0.000000  size  0.975000  1.400000  orientation 0.00
drill  0.000000
shape_offset  0.000000  0.000000
$EndPAD
$EndMODULE  R20

$MODULE "R17"
reference "R17"
value "1K"
footprint "Resistor_SMD:R_0805_2012Metric"
attribut smd
position 148.183600 111.607600  orientation 90.00
layer front
$PAD "2"
Shape Roundrect Layer front
position  0.937500  0.000000  size  0.975000  1.400000  orientation 0.00
drill  0.000000
shape_offset  0.000000  0.000000
$EndPAD
$PAD "1"
Shape Roundrect Layer front
position -0.937500  0.000000  size  0.975000  1.400000  orientation 0.00
drill  0.000000
shape_offset  0.000000  0.000000
$EndPAD
$EndMODULE  R17

$MODULE "R5"
reference "R5"
value "1K"
footprint "Resistor_SMD:R_0805_2012Metric"
attribut smd
position 101.498400 124.663200  orientation 180.00
layer front
$PAD "2"
Shape Roundrect Layer front
position  0.937500  0.000000  size  0.975000  1.400000  orientation 0.00
drill  0.000000
shape_offset  0.000000  0.000000
$EndPAD
$PAD "1"
Shape Roundrect Layer front
position -0.937500  0.000000  size  0.975000  1.400000  orientation 0.00
drill  0.000000
shape_offset  0.000000  0.000000
$EndPAD
$EndMODULE  R5

$MODULE "R2"
reference "R2"
value "1K"
footprint "Resistor_SMD:R_0805_2012Metric"
attribut smd
position 105.003600 123.444000  orientation 0.00
layer front
$PAD "2"
Shape Roundrect Layer front
position  0.937500  0.000000  size  0.975000  1.400000  orientation 0.00
drill  0.000000
shape_offset  0.000000  0.000000
$EndPAD
$PAD "1"
Shape Roundrect Layer front
position -0.937500  0.000000  size  0.975000  1.400000  orientation 0.00
drill  0.000000
shape_offset  0.000000  0.000000
$EndPAD
$EndMODULE  R2

$MODULE "Q3"
reference "Q3"
value " DMP3099L-7  "
footprint "Package_TO_SOT_SMD:SOT-23"
attribut smd
position 112.318800 56.997600  orientation 0.00
layer front
$PAD "3"
Shape Rect Layer front
position  1.000000  0.000000  size  0.900000  0.800000  orientation 0.00
drill  0.000000
shape_offset  0.000000  0.000000
$EndPAD
$PAD "2"
Shape Rect Layer front
position -1.000000  0.950000  size  0.900000  0.800000  orientation 0.00
drill  0.000000
shape_offset  0.000000  0.000000
$EndPAD
$PAD "1"
Shape Rect Layer front
position -1.000000 -0.950000  size  0.900000  0.800000  orientation 0.00
drill  0.000000
shape_offset  0.000000  0.000000
$EndPAD
$EndMODULE  Q3

$MODULE "D1"
reference "D1"
value "BAV16W"
footprint "Diode_SMD:D_SOD-123"
attribut smd
position 96.723200 124.815600  orientation 180.00
layer front
$PAD "2"
Shape Rect Layer front
position  1.650000  0.000000  size  0.900000  1.200000  orientation 0.00
drill  0.000000
shape_offset  0.000000  0.000000
$EndPAD
$PAD "1"
Shape Rect Layer front
position -1.650000  0.000000  size  0.900000  1.200000  orientation 0.00
drill  0.000000
shape_offset  0.000000  0.000000
$EndPAD
$EndMODULE  D1

$MODULE "C28"
reference "C28"
value "1uF"
footprint "Capacitor_SMD:C_0603_1608Metric"
attribut smd
position 113.284000 92.913200  orientation 90.00
layer front
$PAD "2"
Shape Roundrect Layer front
position  0.787500  0.000000  size  0.875000  0.950000  orientation 0.00
drill  0.000000
shape_offset  0.000000  0.000000
$EndPAD
$PAD "1"
Shape Roundrect Layer front
position -0.787500  0.000000  size  0.875000  0.950000  orientation 0.00
drill  0.000000
shape_offset  0.000000  0.000000
$EndPAD
$EndMODULE  C28

$MODULE "C29"
reference "C29"
value "1uF"
footprint "Capacitor_SMD:C_0603_1608Metric"
attribut smd
position 152.095200 104.241600  orientation 180.00
layer front
$PAD "2"
Shape Roundrect Layer front
position  0.787500  0.000000  size  0.875000  0.950000  orientation 0.00
drill  0.000000
shape_offset  0.000000  0.000000
$EndPAD
$PAD "1"
Shape Roundrect Layer front
position -0.787500  0.000000  size  0.875000  0.950000  orientation 0.00
drill  0.000000
shape_offset  0.000000  0.000000
$EndPAD
$EndMODULE  C29

$MODULE "C17"
reference "C17"
value "22pF"
footprint "Capacitor_SMD:C_0603_1608Metric"
attribut smd
position 124.866400 101.193600  orientation 180.00
layer front
$PAD "2"
Shape Roundrect Layer front
position  0.787500  0.000000  size  0.875000  0.950000  orientation 0.00
drill  0.000000
shape_offset  0.000000  0.000000
$EndPAD
$PAD "1"
Shape Roundrect Layer front
position -0.787500  0.000000  size  0.875000  0.950000  orientation 0.00
drill  0.000000
shape_offset  0.000000  0.000000
$EndPAD
$EndMODULE  C17

$MODULE "C14"
reference "C14"
value "22pF"
footprint "Capacitor_SMD:C_0603_1608Metric"
attribut smd
position 124.866400 98.704400  orientation 180.00
layer front
$PAD "2"
Shape Roundrect Layer front
position  0.787500  0.000000  size  0.875000  0.950000  orientation 0.00
drill  0.000000
shape_offset  0.000000  0.000000
$EndPAD
$PAD "1"
Shape Roundrect Layer front
position -0.787500  0.000000  size  0.875000  0.950000  orientation 0.00
drill  0.000000
shape_offset  0.000000  0.000000
$EndPAD
$EndMODULE  C14

$MODULE "K1"
reference "K1"
value "G5RL-K1A"
footprint "digikey-footprints:Relay_SPST_Omron_G5RL"
attribut none
position 151.384000 74.269600  orientation 0.00
layer front
$PAD "9"
Shape Circle Layer both
position  3.750000  0.000000  size  2.200000  2.200000  orientation 0.00
drill  1.300000
shape_offset  0.000000  0.000000
$EndPAD
$PAD "1"
Shape Rect Layer both
position  7.500000  0.000000  size  2.200000  2.200000  orientation 0.00
drill  1.300000
shape_offset  0.000000  0.000000
$EndPAD
$PAD "8"
Shape Circle Layer both
position  0.000000  0.000000  size  2.200000  2.200000  orientation 0.00
drill  1.300000
shape_offset  0.000000  0.000000
$EndPAD
$PAD "6"
Shape Circle Layer both
position  0.000000 20.000000  size  2.200000  2.200000  orientation 0.00
drill  1.300000
shape_offset  0.000000  0.000000
$EndPAD
$PAD "5"
Shape Circle Layer both
position  0.000000 25.000000  size  2.200000  2.200000  orientation 0.00
drill  1.300000
shape_offset  0.000000  0.000000
$EndPAD
$PAD "3"
Shape Circle Layer both
position  7.500000 20.000000  size  2.200000  2.200000  orientation 0.00
drill  1.300000
shape_offset  0.000000  0.000000
$EndPAD
$PAD "4"
Shape Circle Layer both
position  7.500000 25.000000  size  2.200000  2.200000  orientation 0.00
drill  1.300000
shape_offset  0.000000  0.000000
$EndPAD
$EndMODULE  K1

$MODULE "J6"
reference "J6"
value "uFL"
footprint "Connector_Coaxial:U.FL_Molex_MCRF_73412-0110_Vertical"
attribut smd
position 95.910400 78.892400  orientation 90.00
layer front
$PAD "1"
Shape Rect Layer front
position  0.000000  1.500000  size  1.000000  1.000000  orientation 0.00
drill  0.000000
shape_offset  0.000000  0.000000
$EndPAD
$PAD "2"
Shape Rect Layer front
position  0.000000 -1.500000  size  1.000000  1.000000  orientation 0.00
drill  0.000000
shape_offset  0.000000  0.000000
$EndPAD
$PAD "2"
Shape Rect Layer front
position  1.475000  0.000000  size  1.050000  2.200000  orientation 0.00
drill  0.000000
shape_offset  0.000000  0.000000
$EndPAD
$PAD "2"
Shape Rect Layer front
position -1.475000  0.000000  size  1.050000  2.200000  orientation 0.00
drill  0.000000
shape_offset  0.000000  0.000000
$EndPAD
$EndMODULE  J6

$MODULE "L1"
reference "L1"
value "33nH"
footprint "Inductors_SMD:L_0805"
attribut smd
position 116.382800 57.810400  orientation 180.00
layer front
$PAD "1"
Shape Rect Layer front
position -0.950000  0.000000  size  0.700000  1.300000  orientation 0.00
drill  0.000000
shape_offset  0.000000  0.000000
$EndPAD
$PAD "2"
Shape Rect Layer front
position  0.950000  0.000000  size  0.700000  1.300000  orientation 0.00
drill  0.000000
shape_offset  0.000000  0.000000
$EndPAD
$EndMODULE  L1

$MODULE "R19"
reference "R19"
value "1K"
footprint "Resistor_SMD:R_0805_2012Metric"
attribut smd
position 100.279200 56.794400  orientation 0.00
layer front
$PAD "2"
Shape Roundrect Layer front
position  0.937500  0.000000  size  0.975000  1.400000  orientation 0.00
drill  0.000000
shape_offset  0.000000  0.000000
$EndPAD
$PAD "1"
Shape Roundrect Layer front
position -0.937500  0.000000  size  0.975000  1.400000  orientation 0.00
drill  0.000000
shape_offset  0.000000  0.000000
$EndPAD
$EndMODULE  R19

$MODULE "C16"
reference "C16"
value "560pF"
footprint "Capacitor_SMD:C_0603_1608Metric"
attribut smd
position 95.199200 97.536000  orientation 0.00
layer front
$PAD "2"
Shape Roundrect Layer front
position  0.787500  0.000000  size  0.875000  0.950000  orientation 0.00
drill  0.000000
shape_offset  0.000000  0.000000
$EndPAD
$PAD "1"
Shape Roundrect Layer front
position -0.787500  0.000000  size  0.875000  0.950000  orientation 0.00
drill  0.000000
shape_offset  0.000000  0.000000
$EndPAD
$EndMODULE  C16

$MODULE "R18"
reference "R18"
value "1K"
footprint "Resistor_SMD:R_0805_2012Metric"
attribut smd
position 104.038400 56.743600  orientation 180.00
layer front
$PAD "2"
Shape Roundrect Layer front
position  0.937500  0.000000  size  0.975000  1.400000  orientation 0.00
drill  0.000000
shape_offset  0.000000  0.000000
$EndPAD
$PAD "1"
Shape Roundrect Layer front
position -0.937500  0.000000  size  0.975000  1.400000  orientation 0.00
drill  0.000000
shape_offset  0.000000  0.000000
$EndPAD
$EndMODULE  R18

$MODULE "R7"
reference "R7"
value "1K"
footprint "Resistor_SMD:R_0805_2012Metric"
attribut smd
position 142.138400 108.864400  orientation 90.00
layer front
$PAD "2"
Shape Roundrect Layer front
position  0.937500  0.000000  size  0.975000  1.400000  orientation 0.00
drill  0.000000
shape_offset  0.000000  0.000000
$EndPAD
$PAD "1"
Shape Roundrect Layer front
position -0.937500  0.000000  size  0.975000  1.400000  orientation 0.00
drill  0.000000
shape_offset  0.000000  0.000000
$EndPAD
$EndMODULE  R7

$MODULE "R10"
reference "R10"
value "1K"
footprint "Resistor_SMD:R_0805_2012Metric"
attribut smd
position 144.830800 82.499200  orientation 0.00
layer front
$PAD "2"
Shape Roundrect Layer front
position  0.937500  0.000000  size  0.975000  1.400000  orientation 0.00
drill  0.000000
shape_offset  0.000000  0.000000
$EndPAD
$PAD "1"
Shape Roundrect Layer front
position -0.937500  0.000000  size  0.975000  1.400000  orientation 0.00
drill  0.000000
shape_offset  0.000000  0.000000
$EndPAD
$EndMODULE  R10

$MODULE "R8"
reference "R8"
value "1K"
footprint "Resistor_SMD:R_0805_2012Metric"
attribut smd
position 139.649200 82.499200  orientation 0.00
layer front
$PAD "2"
Shape Roundrect Layer front
position  0.937500  0.000000  size  0.975000  1.400000  orientation 0.00
drill  0.000000
shape_offset  0.000000  0.000000
$EndPAD
$PAD "1"
Shape Roundrect Layer front
position -0.937500  0.000000  size  0.975000  1.400000  orientation 0.00
drill  0.000000
shape_offset  0.000000  0.000000
$EndPAD
$EndMODULE  R8

$MODULE "R6"
reference "R6"
value "100"
footprint "Resistor_SMD:R_0805_2012Metric"
attribut smd
position 95.961200 100.380800  orientation 270.00
layer front
$PAD "2"
Shape Roundrect Layer front
position  0.937500  0.000000  size  0.975000  1.400000  orientation 0.00
drill  0.000000
shape_offset  0.000000  0.000000
$EndPAD
$PAD "1"
Shape Roundrect Layer front
position -0.937500  0.000000  size  0.975000  1.400000  orientation 0.00
drill  0.000000
shape_offset  0.000000  0.000000
$EndPAD
$EndMODULE  R6

$MODULE "R4"
reference "R4"
value "100"
footprint "Resistor_SMD:R_0805_2012Metric"
attribut smd
position 89.966800 100.380800  orientation 270.00
layer front
$PAD "2"
Shape Roundrect Layer front
position  0.937500  0.000000  size  0.975000  1.400000  orientation 0.00
drill  0.000000
shape_offset  0.000000  0.000000
$EndPAD
$PAD "1"
Shape Roundrect Layer front
position -0.937500  0.000000  size  0.975000  1.400000  orientation 0.00
drill  0.000000
shape_offset  0.000000  0.000000
$EndPAD
$EndMODULE  R4

$MODULE "R3"
reference "R3"
value "4.7K"
footprint "Resistor_SMD:R_0805_2012Metric"
attribut smd
position 98.450400 102.311200  orientation 90.00
layer front
$PAD "2"
Shape Roundrect Layer front
position  0.937500  0.000000  size  0.975000  1.400000  orientation 0.00
drill  0.000000
shape_offset  0.000000  0.000000
$EndPAD
$PAD "1"
Shape Roundrect Layer front
position -0.937500  0.000000  size  0.975000  1.400000  orientation 0.00
drill  0.000000
shape_offset  0.000000  0.000000
$EndPAD
$EndMODULE  R3

$MODULE "R1"
reference "R1"
value "300"
footprint "Resistor_SMD:R_0805_2012Metric"
attribut smd
position 141.376400 97.840800  orientation 180.00
layer front
$PAD "2"
Shape Roundrect Layer front
position  0.937500  0.000000  size  0.975000  1.400000  orientation 0.00
drill  0.000000
shape_offset  0.000000  0.000000
$EndPAD
$PAD "1"
Shape Roundrect Layer front
position -0.937500  0.000000  size  0.975000  1.400000  orientation 0.00
drill  0.000000
shape_offset  0.000000  0.000000
$EndPAD
$EndMODULE  R1

$MODULE "PWRSTAT1"
reference "PWRSTAT1"
value "GREEN"
footprint "LED_SMD:LED_0805_2012Metric"
attribut smd
position 104.038400 54.610000  orientation 0.00
layer front
$PAD "2"
Shape Roundrect Layer front
position  0.937500  0.000000  size  0.975000  1.400000  orientation 0.00
drill  0.000000
shape_offset  0.000000  0.000000
$EndPAD
$PAD "1"
Shape Roundrect Layer front
position -0.937500  0.000000  size  0.975000  1.400000  orientation 0.00
drill  0.000000
shape_offset  0.000000  0.000000
$EndPAD
$EndMODULE  PWRSTAT1

$MODULE "NETSTAT1"
reference "NETSTAT1"
value "BLUE"
footprint "LED_SMD:LED_0805_2012Metric"
attribut smd
position 100.228400 54.610000  orientation 180.00
layer front
$PAD "2"
Shape Roundrect Layer front
position  0.937500  0.000000  size  0.975000  1.400000  orientation 0.00
drill  0.000000
shape_offset  0.000000  0.000000
$EndPAD
$PAD "1"
Shape Roundrect Layer front
position -0.937500  0.000000  size  0.975000  1.400000  orientation 0.00
drill  0.000000
shape_offset  0.000000  0.000000
$EndPAD
$EndMODULE  NETSTAT1

$MODULE "J7"
reference "J7"
value "uFL"
footprint "Connector_Coaxial:U.FL_Molex_MCRF_73412-0110_Vertical"
attribut smd
position 120.853200 56.438800  orientation 0.00
layer front
$PAD "1"
Shape Rect Layer front
position  0.000000  1.500000  size  1.000000  1.000000  orientation 0.00
drill  0.000000
shape_offset  0.000000  0.000000
$EndPAD
$PAD "2"
Shape Rect Layer front
position  0.000000 -1.500000  size  1.000000  1.000000  orientation 0.00
drill  0.000000
shape_offset  0.000000  0.000000
$EndPAD
$PAD "2"
Shape Rect Layer front
position  1.475000  0.000000  size  1.050000  2.200000  orientation 0.00
drill  0.000000
shape_offset  0.000000  0.000000
$EndPAD
$PAD "2"
Shape Rect Layer front
position -1.475000  0.000000  size  1.050000  2.200000  orientation 0.00
drill  0.000000
shape_offset  0.000000  0.000000
$EndPAD
$EndMODULE  J7

$MODULE "D3"
reference "D3"
value "GREEN"
footprint "LED_SMD:LED_0805_2012Metric"
attribut smd
position 142.138400 112.420400  orientation 90.00
layer front
$PAD "2"
Shape Roundrect Layer front
position  0.937500  0.000000  size  0.975000  1.400000  orientation 0.00
drill  0.000000
shape_offset  0.000000  0.000000
$EndPAD
$PAD "1"
Shape Roundrect Layer front
position -0.937500  0.000000  size  0.975000  1.400000  orientation 0.00
drill  0.000000
shape_offset  0.000000  0.000000
$EndPAD
$EndMODULE  D3

$MODULE "D10"
reference "D10"
value "MMSZ5231BT1G"
footprint "Diode_SMD:D_SOD-123"
attribut smd
position 105.765600 90.627200  orientation 270.00
layer front
$PAD "2"
Shape Rect Layer front
position  1.650000  0.000000  size  0.900000  1.200000  orientation 0.00
drill  0.000000
shape_offset  0.000000  0.000000
$EndPAD
$PAD "1"
Shape Rect Layer front
position -1.650000  0.000000  size  0.900000  1.200000  orientation 0.00
drill  0.000000
shape_offset  0.000000  0.000000
$EndPAD
$EndMODULE  D10

$MODULE "D7"
reference "D7"
value "B360A-13-F"
footprint "Diode_SMD:D_SMA"
attribut smd
position 157.480000 117.805200  orientation 180.00
layer front
$PAD "2"
Shape Rect Layer front
position  2.000000  0.000000  size  2.500000  1.800000  orientation 0.00
drill  0.000000
shape_offset  0.000000  0.000000
$EndPAD
$PAD "1"
Shape Rect Layer front
position -2.000000  0.000000  size  2.500000  1.800000  orientation 0.00
drill  0.000000
shape_offset  0.000000  0.000000
$EndPAD
$EndMODULE  D7

$MODULE "D6"
reference "D6"
value "BAV16W"
footprint "Diode_SMD:D_SOD-123"
attribut smd
position 144.780000 76.555600  orientation 180.00
layer front
$PAD "2"
Shape Rect Layer front
position  1.650000  0.000000  size  0.900000  1.200000  orientation 0.00
drill  0.000000
shape_offset  0.000000  0.000000
$EndPAD
$PAD "1"
Shape Rect Layer front
position -1.650000  0.000000  size  0.900000  1.200000  orientation 0.00
drill  0.000000
shape_offset  0.000000  0.000000
$EndPAD
$EndMODULE  D6

$MODULE "D5"
reference "D5"
value "BAV16W"
footprint "Diode_SMD:D_SOD-123"
attribut smd
position 139.649200 76.555600  orientation 180.00
layer front
$PAD "2"
Shape Rect Layer front
position  1.650000  0.000000  size  0.900000  1.200000  orientation 0.00
drill  0.000000
shape_offset  0.000000  0.000000
$EndPAD
$PAD "1"
Shape Rect Layer front
position -1.650000  0.000000  size  0.900000  1.200000  orientation 0.00
drill  0.000000
shape_offset  0.000000  0.000000
$EndPAD
$EndMODULE  D5

$MODULE "D8"
reference "D8"
value "ORANGE"
footprint "LED_SMD:LED_0805_2012Metric"
attribut smd
position 145.745200 111.607600  orientation 270.00
layer front
$PAD "2"
Shape Roundrect Layer front
position  0.937500  0.000000  size  0.975000  1.400000  orientation 0.00
drill  0.000000
shape_offset  0.000000  0.000000
$EndPAD
$PAD "1"
Shape Roundrect Layer front
position -0.937500  0.000000  size  0.975000  1.400000  orientation 0.00
drill  0.000000
shape_offset  0.000000  0.000000
$EndPAD
$EndMODULE  D8

$MODULE "R9"
reference "R9"
value "1K"
footprint "Resistor_SMD:R_0805_2012Metric"
attribut smd
position 109.575600 119.938800  orientation 270.00
layer front
$PAD "2"
Shape Roundrect Layer front
position  0.937500  0.000000  size  0.975000  1.400000  orientation 0.00
drill  0.000000
shape_offset  0.000000  0.000000
$EndPAD
$PAD "1"
Shape Roundrect Layer front
position -0.937500  0.000000  size  0.975000  1.400000  orientation 0.00
drill  0.000000
shape_offset  0.000000  0.000000
$EndPAD
$EndMODULE  R9

$MODULE "C4"
reference "C4"
value "0.1uF"
footprint "Capacitor_SMD:C_0603_1608Metric"
attribut smd
position 126.796800 105.562400  orientation 180.00
layer front
$PAD "2"
Shape Roundrect Layer front
position  0.787500  0.000000  size  0.875000  0.950000  orientation 0.00
drill  0.000000
shape_offset  0.000000  0.000000
$EndPAD
$PAD "1"
Shape Roundrect Layer front
position -0.787500  0.000000  size  0.875000  0.950000  orientation 0.00
drill  0.000000
shape_offset  0.000000  0.000000
$EndPAD
$EndMODULE  C4

$MODULE "C6"
reference "C6"
value "0.1uF"
footprint "Capacitor_SMD:C_0603_1608Metric"
attribut smd
position 134.823200 112.623600  orientation 90.00
layer front
$PAD "2"
Shape Roundrect Layer front
position  0.787500  0.000000  size  0.875000  0.950000  orientation 0.00
drill  0.000000
shape_offset  0.000000  0.000000
$EndPAD
$PAD "1"
Shape Roundrect Layer front
position -0.787500  0.000000  size  0.875000  0.950000  orientation 0.00
drill  0.000000
shape_offset  0.000000  0.000000
$EndPAD
$EndMODULE  C6

$MODULE "C3"
reference "C3"
value "10uF"
footprint "Capacitor_SMD:C_0603_1608Metric"
attribut smd
position 126.796800 107.086400  orientation 180.00
layer front
$PAD "2"
Shape Roundrect Layer front
position  0.787500  0.000000  size  0.875000  0.950000  orientation 0.00
drill  0.000000
shape_offset  0.000000  0.000000
$EndPAD
$PAD "1"
Shape Roundrect Layer front
position -0.787500  0.000000  size  0.875000  0.950000  orientation 0.00
drill  0.000000
shape_offset  0.000000  0.000000
$EndPAD
$EndMODULE  C3

$MODULE "C26"
reference "C26"
value "0.1uF"
footprint "Capacitor_SMD:C_0603_1608Metric"
attribut smd
position 154.990800 114.503200  orientation 90.00
layer front
$PAD "2"
Shape Roundrect Layer front
position  0.787500  0.000000  size  0.875000  0.950000  orientation 0.00
drill  0.000000
shape_offset  0.000000  0.000000
$EndPAD
$PAD "1"
Shape Roundrect Layer front
position -0.787500  0.000000  size  0.875000  0.950000  orientation 0.00
drill  0.000000
shape_offset  0.000000  0.000000
$EndPAD
$EndMODULE  C26

$MODULE "C25"
reference "C25"
value "10uF"
footprint "Capacitor_SMD:C_0603_1608Metric"
attribut smd
position 124.307600 86.461600  orientation 0.00
layer front
$PAD "2"
Shape Roundrect Layer front
position  0.787500  0.000000  size  0.875000  0.950000  orientation 0.00
drill  0.000000
shape_offset  0.000000  0.000000
$EndPAD
$PAD "1"
Shape Roundrect Layer front
position -0.787500  0.000000  size  0.875000  0.950000  orientation 0.00
drill  0.000000
shape_offset  0.000000  0.000000
$EndPAD
$EndMODULE  C25

$MODULE "C27"
reference "C27"
value "1uF"
footprint "Capacitor_SMD:C_0603_1608Metric"
attribut smd
position 110.337600 89.001600  orientation 0.00
layer front
$PAD "2"
Shape Roundrect Layer front
position  0.787500  0.000000  size  0.875000  0.950000  orientation 0.00
drill  0.000000
shape_offset  0.000000  0.000000
$EndPAD
$PAD "1"
Shape Roundrect Layer front
position -0.787500  0.000000  size  0.875000  0.950000  orientation 0.00
drill  0.000000
shape_offset  0.000000  0.000000
$EndPAD
$EndMODULE  C27

$MODULE "C33"
reference "C33"
value "10pF"
footprint "Capacitor_SMD:C_0603_1608Metric"
attribut smd
position 107.746800 89.763600  orientation 270.00
layer front
$PAD "2"
Shape Roundrect Layer front
position  0.787500  0.000000  size  0.875000  0.950000  orientation 0.00
drill  0.000000
shape_offset  0.000000  0.000000
$EndPAD
$PAD "1"
Shape Roundrect Layer front
position -0.787500  0.000000  size  0.875000  0.950000  orientation 0.00
drill  0.000000
shape_offset  0.000000  0.000000
$EndPAD
$EndMODULE  C33

$MODULE "C32"
reference "C32"
value "33pF"
footprint "Capacitor_SMD:C_0603_1608Metric"
attribut smd
position 103.733600 89.712800  orientation 270.00
layer front
$PAD "2"
Shape Roundrect Layer front
position  0.787500  0.000000  size  0.875000  0.950000  orientation 0.00
drill  0.000000
shape_offset  0.000000  0.000000
$EndPAD
$PAD "1"
Shape Roundrect Layer front
position -0.787500  0.000000  size  0.875000  0.950000  orientation 0.00
drill  0.000000
shape_offset  0.000000  0.000000
$EndPAD
$EndMODULE  C32

$MODULE "C24"
reference "C24"
value "10uF"
footprint "Capacitor_SMD:C_0603_1608Metric"
attribut smd
position 136.448800 118.008400  orientation 0.00
layer front
$PAD "2"
Shape Roundrect Layer front
position  0.787500  0.000000  size  0.875000  0.950000  orientation 0.00
drill  0.000000
shape_offset  0.000000  0.000000
$EndPAD
$PAD "1"
Shape Roundrect Layer front
position -0.787500  0.000000  size  0.875000  0.950000  orientation 0.00
drill  0.000000
shape_offset  0.000000  0.000000
$EndPAD
$EndMODULE  C24

$MODULE "C18"
reference "C18"
value "1uF"
footprint "Capacitor_SMD:C_0603_1608Metric"
attribut smd
position 126.796800 103.174800  orientation 180.00
layer front
$PAD "2"
Shape Roundrect Layer front
position  0.787500  0.000000  size  0.875000  0.950000  orientation 0.00
drill  0.000000
shape_offset  0.000000  0.000000
$EndPAD
$PAD "1"
Shape Roundrect Layer front
position -0.787500  0.000000  size  0.875000  0.950000  orientation 0.00
drill  0.000000
shape_offset  0.000000  0.000000
$EndPAD
$EndMODULE  C18

$MODULE "C15"
reference "C15"
value "220pF"
footprint "Capacitor_SMD:C_0603_1608Metric"
attribut smd
position 96.367600 118.567200  orientation 180.00
layer front
$PAD "2"
Shape Roundrect Layer front
position  0.787500  0.000000  size  0.875000  0.950000  orientation 0.00
drill  0.000000
shape_offset  0.000000  0.000000
$EndPAD
$PAD "1"
Shape Roundrect Layer front
position -0.787500  0.000000  size  0.875000  0.950000  orientation 0.00
drill  0.000000
shape_offset  0.000000  0.000000
$EndPAD
$EndMODULE  C15

$MODULE "C13"
reference "C13"
value "560pF"
footprint "Capacitor_SMD:C_0603_1608Metric"
attribut smd
position 90.779600 97.536000  orientation 180.00
layer front
$PAD "2"
Shape Roundrect Layer front
position  0.787500  0.000000  size  0.875000  0.950000  orientation 0.00
drill  0.000000
shape_offset  0.000000  0.000000
$EndPAD
$PAD "1"
Shape Roundrect Layer front
position -0.787500  0.000000  size  0.875000  0.950000  orientation 0.00
drill  0.000000
shape_offset  0.000000  0.000000
$EndPAD
$EndMODULE  C13

$MODULE "C12"
reference "C12"
value "0.1uF"
footprint "Capacitor_SMD:C_0603_1608Metric"
attribut smd
position 96.316800 121.615200  orientation 180.00
layer front
$PAD "2"
Shape Roundrect Layer front
position  0.787500  0.000000  size  0.875000  0.950000  orientation 0.00
drill  0.000000
shape_offset  0.000000  0.000000
$EndPAD
$PAD "1"
Shape Roundrect Layer front
position -0.787500  0.000000  size  0.875000  0.950000  orientation 0.00
drill  0.000000
shape_offset  0.000000  0.000000
$EndPAD
$EndMODULE  C12

$MODULE "C11"
reference "C11"
value "0.1uF"
footprint "Capacitor_SMD:C_0603_1608Metric"
attribut smd
position 103.428800 95.605600  orientation 0.00
layer front
$PAD "2"
Shape Roundrect Layer front
position  0.787500  0.000000  size  0.875000  0.950000  orientation 0.00
drill  0.000000
shape_offset  0.000000  0.000000
$EndPAD
$PAD "1"
Shape Roundrect Layer front
position -0.787500  0.000000  size  0.875000  0.950000  orientation 0.00
drill  0.000000
shape_offset  0.000000  0.000000
$EndPAD
$EndMODULE  C11

$MODULE "C10"
reference "C10"
value "0.1uF"
footprint "Capacitor_SMD:C_0603_1608Metric"
attribut smd
position 122.072400 96.723200  orientation 270.00
layer front
$PAD "2"
Shape Roundrect Layer front
position  0.787500  0.000000  size  0.875000  0.950000  orientation 0.00
drill  0.000000
shape_offset  0.000000  0.000000
$EndPAD
$PAD "1"
Shape Roundrect Layer front
position -0.787500  0.000000  size  0.875000  0.950000  orientation 0.00
drill  0.000000
shape_offset  0.000000  0.000000
$EndPAD
$EndMODULE  C10

$MODULE "C5"
reference "C5"
value "0.1uF"
footprint "Capacitor_SMD:C_0603_1608Metric"
attribut smd
position 141.173200 96.062800  orientation 0.00
layer front
$PAD "2"
Shape Roundrect Layer front
position  0.787500  0.000000  size  0.875000  0.950000  orientation 0.00
drill  0.000000
shape_offset  0.000000  0.000000
$EndPAD
$PAD "1"
Shape Roundrect Layer front
position -0.787500  0.000000  size  0.875000  0.950000  orientation 0.00
drill  0.000000
shape_offset  0.000000  0.000000
$EndPAD
$EndMODULE  C5

$MODULE "C2"
reference "C2"
value "22pF"
footprint "Capacitor_SMD:C_0603_1608Metric"
attribut smd
position 101.803200 104.241600  orientation 90.00
layer front
$PAD "2"
Shape Roundrect Layer front
position  0.787500  0.000000  size  0.875000  0.950000  orientation 0.00
drill  0.000000
shape_offset  0.000000  0.000000
$EndPAD
$PAD "1"
Shape Roundrect Layer front
position -0.787500  0.000000  size  0.875000  0.950000  orientation 0.00
drill  0.000000
shape_offset  0.000000  0.000000
$EndPAD
$EndMODULE  C2

$MODULE "C1"
reference "C1"
value "22pF"
footprint "Capacitor_SMD:C_0603_1608Metric"
attribut smd
position 101.803200 107.391200  orientation 270.00
layer front
$PAD "2"
Shape Roundrect Layer front
position  0.787500  0.000000  size  0.875000  0.950000  orientation 0.00
drill  0.000000
shape_offset  0.000000  0.000000
$EndPAD
$PAD "1"
Shape Roundrect Layer front
position -0.787500  0.000000  size  0.875000  0.950000  orientation 0.00
drill  0.000000
shape_offset  0.000000  0.000000
$EndPAD
$EndMODULE  C1

$MODULE "C8"
reference "C8"
value "0.1uF"
footprint "Capacitor_SMD:C_0603_1608Metric"
attribut smd
position 136.880600 95.910400  orientation 0.00
layer front
$PAD "2"
Shape Roundrect Layer front
position  0.787500  0.000000  size  0.875000  0.950000  orientation 0.00
drill  0.000000
shape_offset  0.000000  0.000000
$EndPAD
$PAD "1"
Shape Roundrect Layer front
position -0.787500  0.000000  size  0.875000  0.950000  orientation 0.00
drill  0.000000
shape_offset  0.000000  0.000000
$EndPAD
$EndMODULE  C8

$MODULE "C9"
reference "C9"
value "1uF"
footprint "Capacitor_SMD:C_0603_1608Metric"
attribut smd
position 136.880600 97.586800  orientation 0.00
layer front
$PAD "2"
Shape Roundrect Layer front
position  0.787500  0.000000  size  0.875000  0.950000  orientation 0.00
drill  0.000000
shape_offset  0.000000  0.000000
$EndPAD
$PAD "1"
Shape Roundrect Layer front
position -0.787500  0.000000  size  0.875000  0.950000  orientation 0.00
drill  0.000000
shape_offset  0.000000  0.000000
$EndPAD
$EndMODULE  C9

$MODULE "C7"
reference "C7"
value "0.1uF"
footprint "Capacitor_SMD:C_0603_1608Metric"
attribut smd
position 141.935200 101.600000  orientation 90.00
layer front
$PAD "2"
Shape Roundrect Layer front
position  0.787500  0.000000  size  0.875000  0.950000  orientation 0.00
drill  0.000000
shape_offset  0.000000  0.000000
$EndPAD
$PAD "1"
Shape Roundrect Layer front
position -0.787500  0.000000  size  0.875000  0.950000  orientation 0.00
drill  0.000000
shape_offset  0.000000  0.000000
$EndPAD
$EndMODULE  C7

$MODULE "J4"
reference "J4"
value "microsd"
footprint "Connectors_Card:Hirose_DM3D-SF"
attribut smd
position 113.334800 123.850400  orientation 0.00
layer front
$PAD "8"
Shape Rect Layer front
position  0.000000  0.875000  size  0.700000  1.750000  orientation 0.00
drill  0.000000
shape_offset  0.000000  0.000000
$EndPAD
$PAD "11"
Shape Rect Layer front
position -1.200000  0.750000  size  1.300000  1.500000  orientation 0.00
drill  0.000000
shape_offset  0.000000  0.000000
$EndPAD
$PAD "11"
Shape Rect Layer front
position -1.450000 -6.850000  size  0.800000  1.500000  orientation 0.00
drill  0.000000
shape_offset  0.000000  0.000000
$EndPAD
$PAD "9"
Shape Rect Layer front
position -1.125000 -8.350000  size  1.450000  1.000000  orientation 0.00
drill  0.000000
shape_offset  0.000000  0.000000
$EndPAD
$PAD "11"
Shape Rect Layer front
position 10.500000 -7.500000  size  0.800000  1.400000  orientation 0.00
drill  0.000000
shape_offset  0.000000  0.000000
$EndPAD
$PAD "7"
Shape Rect Layer front
position  1.100000  0.875000  size  0.700000  1.750000  orientation 0.00
drill  0.000000
shape_offset  0.000000  0.000000
$EndPAD
$PAD "6"
Shape Rect Layer front
position  2.200000  0.875000  size  0.700000  1.750000  orientation 0.00
drill  0.000000
shape_offset  0.000000  0.000000
$EndPAD
$PAD "5"
Shape Rect Layer front
position  3.300000  0.875000  size  0.700000  1.750000  orientation 0.00
drill  0.000000
shape_offset  0.000000  0.000000
$EndPAD
$PAD "4"
Shape Rect Layer front
position  4.400000  0.875000  size  0.700000  1.750000  orientation 0.00
drill  0.000000
shape_offset  0.000000  0.000000
$EndPAD
$PAD "3"
Shape Rect Layer front
position  5.500000  0.875000  size  0.700000  1.750000  orientation 0.00
drill  0.000000
shape_offset  0.000000  0.000000
$EndPAD
$PAD "2"
Shape Rect Layer front
position  6.600000  0.875000  size  0.700000  1.750000  orientation 0.00
drill  0.000000
shape_offset  0.000000  0.000000
$EndPAD
$PAD "1"
Shape Rect Layer front
position  7.700000  0.875000  size  0.700000  1.750000  orientation 0.00
drill  0.000000
shape_offset  0.000000  0.000000
$EndPAD
$PAD "11"
Shape Rect Layer front
position 10.150000  0.750000  size  1.500000  1.500000  orientation 0.00
drill  0.000000
shape_offset  0.000000  0.000000
$EndPAD
$PAD "10"
Shape Rect Layer front
position 10.100000 -9.925000  size  1.000000  1.550000  orientation 0.00
drill  0.000000
shape_offset  0.000000  0.000000
$EndPAD
$EndMODULE  J4

$MODULE "Q2"
reference "Q2"
value "MMBT3904"
footprint "TO_SOT_Packages_SMD:SOT-23"
attribut smd
position 144.830800 79.603600  orientation 90.00
layer front
$PAD "1"
Shape Rect Layer front
position -1.000000 -0.950000  size  0.900000  0.800000  orientation 0.00
drill  0.000000
shape_offset  0.000000  0.000000
$EndPAD
$PAD "2"
Shape Rect Layer front
position -1.000000  0.950000  size  0.900000  0.800000  orientation 0.00
drill  0.000000
shape_offset  0.000000  0.000000
$EndPAD
$PAD "3"
Shape Rect Layer front
position  1.000000  0.000000  size  0.900000  0.800000  orientation 0.00
drill  0.000000
shape_offset  0.000000  0.000000
$EndPAD
$EndMODULE  Q2

$MODULE "Q1"
reference "Q1"
value "MMBT3904"
footprint "TO_SOT_Packages_SMD:SOT-23"
attribut smd
position 139.649200 79.603600  orientation 90.00
layer front
$PAD "1"
Shape Rect Layer front
position -1.000000 -0.950000  size  0.900000  0.800000  orientation 0.00
drill  0.000000
shape_offset  0.000000  0.000000
$EndPAD
$PAD "2"
Shape Rect Layer front
position -1.000000  0.950000  size  0.900000  0.800000  orientation 0.00
drill  0.000000
shape_offset  0.000000  0.000000
$EndPAD
$PAD "3"
Shape Rect Layer front
position  1.000000  0.000000  size  0.900000  0.800000  orientation 0.00
drill  0.000000
shape_offset  0.000000  0.000000
$EndPAD
$EndMODULE  Q1

$MODULE "X2"
reference "X2"
value "32.768"
footprint "Crystals:Crystal_SMD_G8-2pin_3.2x1.5mm"
attribut smd
position 127.939800 99.974400  orientation 270.00
layer front
$PAD "1"
Shape Rect Layer front
position -1.250000  0.000000  size  1.000000  1.800000  orientation 0.00
drill  0.000000
shape_offset  0.000000  0.000000
$EndPAD
$PAD "2"
Shape Rect Layer front
position  1.250000  0.000000  size  1.000000  1.800000  orientation 0.00
drill  0.000000
shape_offset  0.000000  0.000000
$EndPAD
$EndMODULE  X2

$MODULE "U1"
reference "U1"
value "MCP2515"
footprint "Housings_SOIC:SOIC-18W_7.5x11.6mm_Pitch1.27mm"
attribut smd
position 114.604800 102.666800  orientation 0.00
layer front
$PAD "1"
Shape Rect Layer front
position -4.700000 -5.080000  size  2.000000  0.600000  orientation 0.00
drill  0.000000
shape_offset  0.000000  0.000000
$EndPAD
$PAD "2"
Shape Rect Layer front
position -4.700000 -3.810000  size  2.000000  0.600000  orientation 0.00
drill  0.000000
shape_offset  0.000000  0.000000
$EndPAD
$PAD "3"
Shape Rect Layer front
position -4.700000 -2.540000  size  2.000000  0.600000  orientation 0.00
drill  0.000000
shape_offset  0.000000  0.000000
$EndPAD
$PAD "4"
Shape Rect Layer front
position -4.700000 -1.270000  size  2.000000  0.600000  orientation 0.00
drill  0.000000
shape_offset  0.000000  0.000000
$EndPAD
$PAD "5"
Shape Rect Layer front
position -4.700000  0.000000  size  2.000000  0.600000  orientation 0.00
drill  0.000000
shape_offset  0.000000  0.000000
$EndPAD
$PAD "6"
Shape Rect Layer front
position -4.700000  1.270000  size  2.000000  0.600000  orientation 0.00
drill  0.000000
shape_offset  0.000000  0.000000
$EndPAD
$PAD "7"
Shape Rect Layer front
position -4.700000  2.540000  size  2.000000  0.600000  orientation 0.00
drill  0.000000
shape_offset  0.000000  0.000000
$EndPAD
$PAD "8"
Shape Rect Layer front
position -4.700000  3.810000  size  2.000000  0.600000  orientation 0.00
drill  0.000000
shape_offset  0.000000  0.000000
$EndPAD
$PAD "9"
Shape Rect Layer front
position -4.700000  5.080000  size  2.000000  0.600000  orientation 0.00
drill  0.000000
shape_offset  0.000000  0.000000
$EndPAD
$PAD "10"
Shape Rect Layer front
position  4.700000  5.080000  size  2.000000  0.600000  orientation 0.00
drill  0.000000
shape_offset  0.000000  0.000000
$EndPAD
$PAD "11"
Shape Rect Layer front
position  4.700000  3.810000  size  2.000000  0.600000  orientation 0.00
drill  0.000000
shape_offset  0.000000  0.000000
$EndPAD
$PAD "12"
Shape Rect Layer front
position  4.700000  2.540000  size  2.000000  0.600000  orientation 0.00
drill  0.000000
shape_offset  0.000000  0.000000
$EndPAD
$PAD "13"
Shape Rect Layer front
position  4.700000  1.270000  size  2.000000  0.600000  orientation 0.00
drill  0.000000
shape_offset  0.000000  0.000000
$EndPAD
$PAD "14"
Shape Rect Layer front
position  4.700000  0.000000  size  2.000000  0.600000  orientation 0.00
drill  0.000000
shape_offset  0.000000  0.000000
$EndPAD
$PAD "15"
Shape Rect Layer front
position  4.700000 -1.270000  size  2.000000  0.600000  orientation 0.00
drill  0.000000
shape_offset  0.000000  0.000000
$EndPAD
$PAD "16"
Shape Rect Layer front
position  4.700000 -2.540000  size  2.000000  0.600000  orientation 0.00
drill  0.000000
shape_offset  0.000000  0.000000
$EndPAD
$PAD "17"
Shape Rect Layer front
position  4.700000 -3.810000  size  2.000000  0.600000  orientation 0.00
drill  0.000000
shape_offset  0.000000  0.000000
$EndPAD
$PAD "18"
Shape Rect Layer front
position  4.700000 -5.080000  size  2.000000  0.600000  orientation 0.00
drill  0.000000
shape_offset  0.000000  0.000000
$EndPAD
$EndMODULE  U1

$MODULE "SW1"
reference "SW1"
value "SWITCH_TACT"
footprint "sim808:EVQ-Q2"
attribut smd
position 142.849600 89.966800  orientation 270.00
layer front
$PAD "A"
Shape Rect Layer front
position -3.400000  2.000000  size  3.200000  1.200000  orientation 0.00
drill  0.000000
shape_offset  0.000000  0.000000
$EndPAD
$PAD "A'"
Shape Rect Layer front
position  3.400000  2.000000  size  3.200000  1.200000  orientation 0.00
drill  0.000000
shape_offset  0.000000  0.000000
$EndPAD
$PAD "B'"
Shape Rect Layer front
position  3.400000 -2.000000  size  3.200000  1.200000  orientation 0.00
drill  0.000000
shape_offset  0.000000  0.000000
$EndPAD
$PAD "B"
Shape Rect Layer front
position -3.400000 -2.000000  size  3.200000  1.200000  orientation 0.00
drill  0.000000
shape_offset  0.000000  0.000000
$EndPAD
$EndMODULE  SW1

$MODULE "J1"
reference "J1"
value "Conn_02x05_Odd_Even"
footprint "digikey-footprints:PinHeader_2x5_P1.27mm"
attribut smd
position 134.975600 91.541600  orientation 90.00
layer front
$PAD "10"
Shape Rect Layer front
position  2.540000 -1.950000  size  0.760000  2.400000  orientation 0.00
drill  0.000000
shape_offset  0.000000  0.000000
$EndPAD
$PAD "9"
Shape Rect Layer front
position  2.540000  1.950000  size  0.760000  2.400000  orientation 0.00
drill  0.000000
shape_offset  0.000000  0.000000
$EndPAD
$PAD "8"
Shape Rect Layer front
position  1.270000 -1.950000  size  0.760000  2.400000  orientation 0.00
drill  0.000000
shape_offset  0.000000  0.000000
$EndPAD
$PAD "7"
Shape Rect Layer front
position  1.270000  1.950000  size  0.760000  2.400000  orientation 0.00
drill  0.000000
shape_offset  0.000000  0.000000
$EndPAD
$PAD "6"
Shape Rect Layer front
position  0.000000 -1.950000  size  0.760000  2.400000  orientation 0.00
drill  0.000000
shape_offset  0.000000  0.000000
$EndPAD
$PAD "5"
Shape Rect Layer front
position  0.000000  1.950000  size  0.760000  2.400000  orientation 0.00
drill  0.000000
shape_offset  0.000000  0.000000
$EndPAD
$PAD "4"
Shape Rect Layer front
position -1.270000 -1.950000  size  0.760000  2.400000  orientation 0.00
drill  0.000000
shape_offset  0.000000  0.000000
$EndPAD
$PAD "3"
Shape Rect Layer front
position -1.270000  1.950000  size  0.760000  2.400000  orientation 0.00
drill  0.000000
shape_offset  0.000000  0.000000
$EndPAD
$PAD "2"
Shape Rect Layer front
position -2.540000 -1.950000  size  0.760000  2.400000  orientation 0.00
drill  0.000000
shape_offset  0.000000  0.000000
$EndPAD
$PAD "1"
Shape Rect Layer front
position -2.540000  1.950000  size  0.760000  2.400000  orientation 0.00
drill  0.000000
shape_offset  0.000000  0.000000
$EndPAD
$EndMODULE  J1

$EndDESCRIPTION
